Compile status of camel_9: 1 ... 438 sec
Testing status of camel_9: (False, False, ObjectHelper) ... 245 sec
Compile status of camel_73: 1 ... 971 sec
Testing status of camel_73: (False, False, CryptoDataFormat) ... 52. sec
Compile status of camel_81: 1 ... 123 sec
Testing status of camel_81: (False, False, ScheduledPollConsumer) ... 22. sec
Compile status of camel_86: 1 ... 887 sec
Testing status of camel_86: (False, False, ObjectHelper) ... 855 sec
Compile status of camel_70: 1 ... 163 sec
Testing status of camel_70: (False, False, KafkaProducer) ... 160 sec
Compile status of camel_57: 1 ... 355 sec
Testing status of camel_57: (False, False, PropertiesComponent) ... 595 sec
Compile status of camel_52: 0 ... 492 sec
Testing status of camel_52: (False, False, CxfEndpoint) ... 78. sec
Compile status of camel_87: 1 ... 877 sec
Testing status of camel_87: (False, False, DefaultProducerTemplate) ... 893 sec
Compile status of camel_82: 1 ... 349 sec
Testing status of camel_82: (False, False, CustomMapper) ... 61. sec
Compile status of camel_55: 1 ... 120 sec
Testing status of camel_55: (False, False, GoogleDriveFilesConverter) ... 37. sec
Compile status of camel_61: 0 ... 521 sec
Testing status of camel_61: (False, False, RestEndpoint) ... 413 sec
Compile status of camel_48: 0 ... 504 sec
Testing status of camel_48: (False, False, Enricher) ... 583 sec
Compile status of camel_96: 1 ... 144 sec
Testing status of camel_96: (False, False, ManagedCamelContext) ... 193 sec
Compile status of camel_92: 1 ... 267 sec
Testing status of camel_92: (False, False, DefaultCxfBinding) ... 130 sec
Compile status of camel_42: 0 ... 569 sec
Testing status of camel_42: (False, False, DefaultMessage) ... 84. sec
Compile status of camel_21: 0 ... 618 sec
Testing status of camel_21: (False, False, AggregateProcessor) ... 143 sec
Compile status of camel_76: 1 ... 358 sec
Testing status of camel_76: (False, False, UndertowComponent) ... 311 sec
Compile status of camel_5: 0 ... 639 sec
Testing status of camel_5: (False, False, RouteHealthCheck) ... 110 sec
Compile status of camel_88: 1 ... 112 sec
Testing status of camel_88: (False, False, DefaultExchange) ... 169 sec
Compile status of camel_26: 0 ... 665 sec
Testing status of camel_26: (False, False, CamelTestSupport) ... 133 sec
Compile status of camel_31: 0 ... 674 sec
Testing status of camel_31: (False, False, IOConverter) ... 154 sec
Compile status of camel_37: 0 ... 497 sec
Testing status of camel_37: (False, False, AbstractCamelCatalog) ... 321 sec
Compile status of camel_59: 0 ... 468 sec
Testing status of camel_59: (False, False, UndertowProducer) ... 69. sec
Compile status of camel_100: 1 ... 116 sec
Testing status of camel_100: (False, False, Activator) ... 171 sec
Compile status of camel_94: 1 ... 100 sec
Testing status of camel_94: (False, False, DefaultCamelContext) ... 189 sec
Compile status of camel_83: 1 ... 393 sec
Testing status of camel_83: (False, False, CustomMapper) ... 242 sec
Compile status of camel_89: 1 ... 100 sec
Testing status of camel_89: (False, False, DefaultCamelContext) ... 162 sec
Compile status of camel_64: 0 ... 484 sec
Testing status of camel_64: (False, False, JasyptPropertiesParser) ... 404 sec
Compile status of camel_50: 0 ... 479 sec
Testing status of camel_50: (False, False, DefaultCamelContext) ... 415 sec
Compile status of camel_105: 1 ... 324 sec
Testing status of camel_105: (False, False, WebsocketComponent) ... 383 sec
Compile status of camel_129: 1 ... 280 sec
Testing status of camel_129: (False, False, StaxConverter) ... 177 sec
Compile status of camel_106: 1 ... 309 sec
Testing status of camel_106: (False, False, WebsocketComponent) ... 353 sec
Compile status of camel_118: 1 ... 297 sec
Testing status of camel_118: (False, False, CustomMapper) ... 42. sec
Compile status of camel_44: 0 ... 572 sec
Testing status of camel_44: (False, False, IrcEndpoint) ... 58. sec
Compile status of camel_111: 1 ... 309 sec
Testing status of camel_111: (False, False, ServiceInterfaceStrategy) ... 423 sec
Compile status of camel_122: 1 ... 116 sec
Testing status of camel_122: (False, False, BeanInfo) ... 280 sec
Compile status of camel_90: 1 ... 941 sec
Testing status of camel_90: (False, False, DefaultCamelContext) ... 178 sec
Compile status of camel_107: 1 ... 196 sec
Testing status of camel_107: (False, False, EventHelper) ... 266 sec
Compile status of camel_132: 1 ... 131 sec
Testing status of camel_132: (False, False, DefaultCamelContext) ... 308 sec
Compile status of camel_80: 1 ... 348 sec
Testing status of camel_80: (False, False, DefaultCxfBinding) ... 343 sec
Compile status of camel_85: 1 ... 419 sec
Testing status of camel_85: (False, False, IrcProducer) ... 42. sec
Compile status of camel_125: 1 ... 243 sec
Testing status of camel_125: (False, False, KafkaEndpoint) ... 96. sec
Compile status of camel_65: 1 ... 338 sec
Testing status of camel_65: (True, True, ) ... 235 sec
Compile status of camel_40: 0 ... 571 sec
Testing status of camel_40: (False, False, DefaultUndertowHttpBinding) ... 376 sec
Compile status of camel_166: 1 ... 109 sec
Testing status of camel_166: (False, False, DefaultEndpoint) ... 151 sec
Compile status of camel_167: 1 ... 124 sec
Testing status of camel_167: (False, False, OsgiClassResolver) ... 77. sec
Compile status of camel_119: 1 ... 259 sec
Testing status of camel_119: (False, False, RestSwaggerReader) ... 427 sec
Compile status of camel_174: 1 ... 168 sec
Testing status of camel_174: (False, False, MailConverters) ... 91. sec
Compile status of camel_141: 1 ... 137 sec
Testing status of camel_141: (False, False, WsProducer) ... 986 sec
Compile status of camel_11: 0 ... 443 sec
Testing status of camel_11: (True, True, ) ... 121 sec
Compile status of camel_120: 1 ... 97. sec
Testing status of camel_120: (False, False, SedaEndpoint) ... 254 sec
Compile status of camel_142: 1 ... 85. sec
Testing status of camel_142: (False, False, RabbitMQComponent) ... 48. sec
Compile status of camel_175: 1 ... 106 sec
Testing status of camel_175: (False, False, CxfConsumer) ... 73. sec
Compile status of camel_176: 1 ... 124 sec
Testing status of camel_176: (False, False, DefaultCamelContext) ... 165 sec
Compile status of camel_152: 1 ... 104 sec
Testing status of camel_152: (False, False, CamelPostProcessorHelper) ... 105 sec
Compile status of camel_10: 0 ... 615 sec
Testing status of camel_10: (True, False, DefaultCxfBinding) ... 900 sec
Compile status of camel_143: 1 ... 52. sec
Testing status of camel_143: (False, False, RabbitMQComponent) ... 31. sec
Compile status of camel_182: 1 ... 276 sec
Testing status of camel_182: (False, False, PGPKeyAccessDataFormat) ... 85. sec
Compile status of camel_161: 1 ... 107 sec
Testing status of camel_161: (False, False, Jt400DataQueueConsumer) ... 146 sec
Compile status of camel_160: 1 ... 205 sec
Testing status of camel_160: (False, False, RabbitMQProducer) ... 107 sec
Compile status of camel_191: 1 ... 138 sec
Testing status of camel_191: (False, False, ActiveMQUuidGenerator) ... 158 sec
Compile status of camel_187: 1 ... 428 sec
Testing status of camel_187: (False, False, DefaultExecutorServiceManager) ... 20. sec
Compile status of camel_196: 1 ... 154 sec
Testing status of camel_196: (False, False, WebsocketComponent) ... 17. sec
Compile status of camel_183: 1 ... 165 sec
Testing status of camel_183: (False, False, DefaultCxfBinding) ... 78. sec
Compile status of camel_149: 1 ... 162 sec
Testing status of camel_149: (False, False, CxfRsProducer) ... 128 sec
Compile status of camel_192: 1 ... 77. sec
Testing status of camel_192: (False, False, DefaultExchangeHolder) ... 259 sec
Compile status of camel_197: 1 ... 123 sec
Testing status of camel_197: (False, False, CxfPayloadConverter) ... 48. sec
Compile status of camel_188: 1 ... 131 sec
Testing status of camel_188: (False, False, IOHelper) ... 230 sec
Compile status of camel_177: 1 ... 100 sec
Testing status of camel_177: (False, False, CamelContext) ... 105 sec
Compile status of camel_108: 1 ... 415 sec
Testing status of camel_108: (False, False, NettyConverter) ... 696 sec
Compile status of camel_199: 1 ... 295 sec
Testing status of camel_199: (False, False, ValidatingProcessor) ... 256 sec
Compile status of camel_203: 1 ... 97. sec
Testing status of camel_203: (False, False, SmppMessage) ... 188 sec
Compile status of camel_179: 1 ... 222 sec
Testing status of camel_179: (False, False, ScriptBuilder) ... 86. sec
Compile status of camel_28: 0 ... 107 sec
Testing status of camel_28: (False, False, DefaultCamelContext) ... 272 sec
Compile status of camel_207: 1 ... 606 sec
Testing status of camel_207: (False, False, PredicateBuilder) ... 175 sec
Compile status of camel_216: 1 ... 227 sec
Testing status of camel_216: (False, False, ObjectHelper) ... 46. sec
Compile status of camel_200: 1 ... 148 sec
Testing status of camel_200: (False, False, LogFormatter) ... 235 sec
Compile status of camel_109: 1 ... 131 sec
Testing status of camel_109: (False, False, CamelContextHelper) ... 301 sec
Compile status of camel_180: 1 ... 144 sec
Testing status of camel_180: (False, False, DefaultCxfBinding) ... 76. sec
Compile status of camel_153: 1 ... 106 sec
Testing status of camel_153: (False, False, CamelPostProcessorHelper) ... 161 sec
Compile status of camel_212: 1 ... 215 sec
Testing status of camel_212: (False, False, DefaultExchange) ... 190 sec
Compile status of camel_204: 1 ... 143 sec
Testing status of camel_204: (False, False, ObjectHelper) ... 210 sec
Compile status of camel_33: 0 ... 102 sec
Testing status of camel_33: (False, False, MllpComponent) ... 939 sec
Compile status of camel_208: 1 ... 104 sec
Testing status of camel_208: (False, False, DefaultCamelContext) ... 171 sec
Compile status of camel_114: 0 ... 584 sec
Testing status of camel_114: (False, False, LogEndpoint) ... 159 sec
Compile status of camel_137: 1 ... 448 sec
Testing status of camel_137: (False, False, RabbitMQEndpoint) ... 220 sec
Compile status of camel_110: 1 ... 92. sec
Testing status of camel_110: (False, False, IntrospectionSupport) ... 339 sec
Compile status of camel_217: 1 ... 29. sec
Testing status of camel_217: (False, False, CamelDestination) ... 609 sec
Compile status of camel_231: 1 ... 12. sec
Testing status of camel_231: (False, False, SpringSecurityAuthorizationPolicy) ... 6.0 sec
Compile status of camel_145: 1 ... 110 sec
Testing status of camel_145: (False, False, CacheProducer) ... 222 sec
Compile status of camel_210: 1 ... 121 sec
Testing status of camel_210: (False, False, TimerListenerManager) ... 93. sec
Compile status of camel_162: 1 ... 160 sec
Testing status of camel_162: (False, False, JmsBinding) ... 173 sec
Compile status of camel_228: 1 ... 3.5 sec
Testing status of camel_228: (False, False, Route) ... 3.8 sec
Compile status of camel_224: 1 ... 22. sec
Testing status of camel_224: (False, False, TraceInterceptor) ... 7.5 sec
Compile status of camel_251: 1 ... 49. sec
Testing status of camel_251: (False, False, ObjectHelper) ... 7.7 sec
Compile status of camel_232: 1 ... 2.5 sec
Testing status of camel_232: (False, False, PollEnricher) ... 5.7 sec
Compile status of camel_225: 1 ... 5.4 sec
Testing status of camel_225: (False, False, DefaultConsumerTemplate) ... 8.5 sec
Compile status of camel_261: 1 ... 72. sec
Testing status of camel_261: (False, False, XsltBuilder) ... 118 sec
Compile status of camel_233: 1 ... 2.5 sec
Testing status of camel_233: (False, False, ScheduledPollConsumer) ... 4.6 sec
Compile status of camel_229: 1 ... 13. sec
Testing status of camel_229: (False, False, AggregateProcessor) ... 4.9 sec
Compile status of camel_238: 1 ... 35. sec
Testing status of camel_238: (False, False, CamelContext) ... 6.2 sec
Compile status of camel_262: 1 ... 46. sec
Testing status of camel_262: (False, False, DefaultCamelContext) ... 81. sec
Compile status of camel_239: 1 ... 2.1 sec
Testing status of camel_239: (False, False, CamelDestination) ... 5.3 sec
Compile status of camel_250: 1 ... 10. sec
Testing status of camel_250: (False, False, BeanInfo) ... 14. sec
Compile status of camel_276: 1 ... 121 sec
Testing status of camel_276: (False, False, SmppBinding) ... 170 sec
Compile status of camel_240: 1 ... 3.2 sec
Testing status of camel_240: (False, False, OsgiFactoryFinder) ... 6.9 sec
Compile status of camel_259: 1 ... 83. sec
Testing status of camel_259: (False, False, RouteContextProcessor) ... 229 sec
Compile status of camel_267: 1 ... 71. sec
Testing status of camel_267: (False, False, NettyConverter) ... 232 sec
Compile status of camel_263: 1 ... 78. sec
Testing status of camel_263: (False, False, DefaultCamelContext) ... 118 sec
Compile status of camel_291: 1 ... 3.9 sec
Testing status of camel_291: (False, False, URISupport) ... 5.2 sec
Compile status of camel_273: 1 ... 40. sec
Testing status of camel_273: (False, False, DefaultCxfBinding) ... 130 sec
Compile status of camel_282: 1 ... 1.8 sec
Testing status of camel_282: (False, False, DefaultCamelContext) ... 3.9 sec
Compile status of camel_301: 1 ... 86. sec
Testing status of camel_301: (False, False, BeanInfo) ... 14. sec
Compile status of camel_264: 1 ... 173 sec
Testing status of camel_264: (False, False, MQTTConfiguration) ... 89. sec
Compile status of camel_283: 1 ... 6.4 sec
Testing status of camel_283: (False, False, CxfProducer) ... 4.8 sec
Compile status of camel_268: 1 ... 116 sec
Testing status of camel_268: (False, False, ZipDataFormat) ... 85. sec
Compile status of camel_288: 1 ... 2.3 sec
Testing status of camel_288: (False, False, Enricher) ... 4.9 sec
Compile status of camel_275: 1 ... 76. sec
Testing status of camel_275: (False, False, DefaultCxfBinding) ... 28. sec
Compile status of camel_284: 1 ... 3.2 sec
Testing status of camel_284: (False, False, CacheProducer) ... 5.1 sec
Compile status of camel_279: 1 ... 34. sec
Testing status of camel_279: (False, False, CamelContextHelper) ... 37. sec
Compile status of camel_308: 1 ... 5.7 sec
Testing status of camel_308: (False, False, JpaTraceEventMessage) ... 11. sec
Compile status of camel_289: 1 ... 3.0 sec
Testing status of camel_289: (False, False, MessageHelper) ... 4.8 sec
Compile status of camel_303: 1 ... 2.5 sec
Testing status of camel_303: (False, False, CxfProducer) ... 6.4 sec
Compile status of camel_294: 1 ... 4.6 sec
Testing status of camel_294: (False, False, StreamCacheConverter) ... 10. sec
Compile status of camel_304: 1 ... 31. sec
Testing status of camel_304: (False, False, BeanInfo) ... 12. sec
Compile status of camel_295: 1 ... 3.4 sec
Testing status of camel_295: (False, False, CometdProducerConsumer) ... 8.0 sec
Compile status of camel_299: 1 ... 30. sec
Testing status of camel_299: (False, False, MockEndpoint) ... 10. sec
Compile status of camel_270: 1 ... 156 sec
Testing status of camel_270: (False, False, FileUtil) ... 84. sec
Compile status of camel_314: 1 ... 2.7 sec
Testing status of camel_314: (False, False, DefaultCamelContext) ... 10. sec
Compile status of camel_305: 1 ... 3.3 sec
Testing status of camel_305: (False, False, DefaultCamelContext) ... 7.5 sec
Compile status of camel_25: 0 ... 129 sec
Testing status of camel_25: (False, False, DefaultCxfRsBinding) ... 546 sec
Compile status of camel_154: 0 ... 570 sec
Testing status of camel_154: (False, False, SjmsBatchConsumer) ... 171 sec
Compile status of camel_163: 1 ... 312 sec
Testing status of camel_163: (False, False, MimeMultipartDataFormat) ... 148 sec
Compile status of camel_29: 0 ... 563 sec
Testing status of camel_29: (False, False, MessageSupport) ... 237 sec
Compile status of camel_14: 0 ... 666 sec
Testing status of camel_14: (True, True, ) ... 472 sec
Compile status of camel_15: 0 ... 183 sec
Testing status of camel_15: (True, True, ) ... 307 sec
Compile status of incubator-shardingsphere_7: 0 ... 208 sec
Testing status of incubator-shardingsphere_7: (False, False, OpenTracingSQLExecutionHook) ... 11. sec
Compile status of incubator-shardingsphere_4: 0 ... 209 sec
Testing status of incubator-shardingsphere_4: (False, False, DatabaseMetaDataResultSet) ... 12. sec
Compile status of incubator-shardingsphere_5: 0 ... 207 sec
Testing status of incubator-shardingsphere_5: (True, False, OpenTracingSQLExecutionHook) ... 18. sec
Compile status of incubator-shardingsphere_1: 0 ... 282 sec
Testing status of incubator-shardingsphere_1: (True, True, ) ... 45. sec
Compile status of flink_2: 1 ... 106 sec
Testing status of flink_2: (False, False, FsJobArchivist) ... 882 sec
Compile status of flink_24: 0 ... 209 sec
Testing status of flink_24: (False, False, SourceStreamTask) ... 75. sec
Compile status of flink_25: 1 ... 240 sec
Testing status of flink_25: (False, False, Kafka09Fetcher) ... 80. sec
Compile status of flink_22: 0 ... 216 sec
Testing status of flink_22: (False, False, Pattern) ... 525 sec
Compile status of flink_17: 1 ... 200 sec
Testing status of flink_17: (False, False, JobMaster) ... 800 sec
Compile status of flink_28: 0 ... 230 sec
Testing status of flink_28: (False, False, LocalFileSystem) ... 305 sec
Compile status of flink_18: 1 ... 210 sec
Testing status of flink_18: (False, False, NetworkEnvironment) ... 688 sec
Compile status of flink_16: 0 ... 290 sec
Testing status of flink_16: (False, False, OrcBatchReader) ... 172 sec
Compile status of flink_26: 0 ... 207 sec
Testing status of flink_26: (False, False, KinesisDataFetcher) ... 978 sec
Compile status of flink_5: 0 ... 369 sec
Testing status of flink_5: (False, False, ElasticsearchSinkBase) ... 351 sec
Compile status of flink_23: 1 ... 212 sec
Testing status of flink_23: (False, False, CoLocationConstraint) ... 247 sec
Compile status of flink_31: 0 ... 228 sec
Testing status of flink_31: (False, False, OneInputStreamTask) ... 61. sec
Compile status of flink_37: 1 ... 176 sec
Testing status of flink_37: (False, False, PartitionRequestClientHandler) ... 68. sec
Compile status of flink_11: 0 ... 300 sec
Testing status of flink_11: (True, True, ) ... 211 sec
Compile status of flink_42: 1 ... 173 sec
Testing status of flink_42: (False, False, PartitionRequestClientHandler) ... 96. sec
Compile status of flink_54: 1 ... 28. sec
Testing status of flink_54: (False, False, CoGroupOperator) ... 65. sec
Compile status of flink_32: 1 ... 221 sec
Testing status of flink_32: (False, False, DelegatingConfiguration) ... 177 sec
Compile status of flink_48: 1 ... 156 sec
Testing status of flink_48: (False, False, PartitionRequestClientHandler) ... 93. sec
Compile status of flink_20: 0 ... 297 sec
Testing status of flink_20: (True, True, ) ... 211 sec
Compile status of flink_6: 0 ... 426 sec
Testing status of flink_6: (False, False, JobMaster) ... 118 sec
Compile status of flink_7: 0 ... 315 sec
Testing status of flink_7: (False, False, SubtaskExecutionAttemptAccumulatorsHandler) ... 226 sec
Compile status of flink_30: 1 ... 209 sec
Testing status of flink_30: (False, False, SavepointCoordinator) ... 133 sec
Compile status of flink_39: 0 ... 232 sec
Testing status of flink_39: (False, False, StateUtil) ... 144 sec
Compile status of flink_49: 1 ... 162 sec
Testing status of flink_49: (False, False, TaskInputSplitProvider) ... 635 sec
Compile status of flink_61: 1 ... 120 sec
Testing status of flink_61: (True, True, ) ... 107 sec
Compile status of flink_35: 0 ... 210 sec
Testing status of flink_35: (True, True, ) ... 151 sec
Compile status of flink_52: 1 ... 134 sec
Testing status of flink_52: (False, False, FileMonitoringFunction) ... 487 sec
Compile status of flink_53: 0 ... 174 sec
Testing status of flink_53: (True, True, ) ... 87. sec
Compile status of flink_59: 0 ... 125 sec
Testing status of flink_59: (True, False, JobManager) ... 505 sec
Compile status of flink_3: 0 ... 356 sec
Testing status of flink_3: (True, True, ) ... 368 sec
Compile status of flink_46: 0 ... 243 sec
Testing status of flink_46: (True, False, PrometheusReporter) ... 156 sec
Compile status of phoenix_39: 1 ... 57. sec
Testing status of phoenix_39: (False, False, RegexpSubstrFunction) ... 17. sec
Compile status of phoenix_38: 1 ... 54. sec
Testing status of phoenix_38: (False, False, LikeExpression) ... 19. sec
Compile status of phoenix_28: 0 ... 215 sec
Testing status of phoenix_28: (False, False, SpoolingResultIterator) ... 64. sec
Compile status of phoenix_42: 0 ... 142 sec
Testing status of phoenix_42: (False, False, PMetaDataImpl) ... 68. sec
Compile status of phoenix_40: 0 ... 143 sec
Testing status of phoenix_40: (True, True, ) ... 97. sec
Compile status of phoenix_41: 0 ... 143 sec
Testing status of phoenix_41: (True, True, ) ... 97. sec
Compile status of phoenix_44: 0 ... 128 sec
Testing status of phoenix_44: (True, True, ) ... 77. sec
Compile status of phoenix_34: 1 ... 144 sec
Testing status of phoenix_34: (True, False, CoerceExpression) ... 251 sec
Compile status of phoenix_24: 0 ... 390 sec
Testing status of phoenix_24: (True, False, MutationState) ... 107 sec
Compile status of phoenix_31: 0 ... 380 sec
Testing status of phoenix_31: (True, True, ) ... 154 sec
Compile status of phoenix_29: 0 ... 537 sec
Testing status of phoenix_29: (True, False, WhereOptimizer) ... 102 sec
Compile status of phoenix_18: 0 ... 531 sec
Testing status of phoenix_18: (True, False, OrderedResultIterator) ... 120 sec
Compile status of phoenix_27: 0 ... 508 sec
Testing status of phoenix_27: (True, False, PhoenixConfigurationUtil) ... 145 sec
Compile status of phoenix_12: 0 ... 640 sec
Testing status of phoenix_12: (True, True, ) ... 143 sec
Compile status of phoenix_19: 0 ... 596 sec
Testing status of phoenix_19: (True, True, ) ... 145 sec
Compile status of phoenix_14: 0 ... 688 sec
Testing status of phoenix_14: (True, True, ) ... 147 sec
Compile status of phoenix_1: 0 ... 110 sec
Testing status of phoenix_1: (True, True, ) ... 85. sec
Compile status of cxf_1: 1 ... 23. sec
Testing status of cxf_1: (True, True, ) ... 6.2 sec
Compile status of cxf_56: 1 ... 139 sec
Testing status of cxf_56: (True, True, ) ... 5.9 sec
Compile status of cxf_76: 1 ... 100 sec
Testing status of cxf_76: (True, True, ) ... 13. sec
Compile status of cxf_71: 1 ... 89. sec
Testing status of cxf_71: (False, False, IOUtils) ... 41. sec
Compile status of cxf_41: 1 ... 99. sec
Testing status of cxf_41: (True, True, ) ... 5.5 sec
Compile status of cxf_22: 1 ... 41. sec
Testing status of cxf_22: (True, True, ) ... 9.0 sec
Compile status of cxf_32: 1 ... 18. sec
Testing status of cxf_32: (False, False, ClassLoaderUtils) ... 27. sec
Compile status of cxf_7: 1 ... 109 sec
Testing status of cxf_7: (True, True, ) ... 8.1 sec
Compile status of cxf_27: 1 ... 29. sec
Testing status of cxf_27: (True, True, ) ... 17. sec
Compile status of cxf_37: 1 ... 65. sec
Testing status of cxf_37: (True, True, ) ... 12. sec
Compile status of cxf_67: 1 ... 48. sec
Testing status of cxf_67: (False, False, AttachmentUtil) ... 28. sec
Compile status of cxf_63: 1 ... 11. sec
Testing status of cxf_63: (True, True, ) ... 4.9 sec
Compile status of cxf_23: 1 ... 8.5 sec
Testing status of cxf_23: (True, True, ) ... 5.9 sec
Compile status of cxf_33: 1 ... 19. sec
Testing status of cxf_33: (True, True, ) ... 5.7 sec
Compile status of cxf_48: 1 ... 28. sec
Testing status of cxf_48: (True, True, ) ... 6.5 sec
Compile status of cxf_18: 1 ... 29. sec
Testing status of cxf_18: (True, True, ) ... 6.9 sec
Compile status of cxf_58: 1 ... 19. sec
Testing status of cxf_58: (True, True, ) ... 5.4 sec
Compile status of cxf_73: 1 ... 33. sec
Testing status of cxf_73: (True, True, ) ... 18. sec
Compile status of cxf_14: 1 ... 95. sec
Testing status of cxf_14: (True, True, ) ... 13. sec
Compile status of cxf_8: 1 ... 53. sec
Testing status of cxf_8: (True, True, ) ... 6.5 sec
Compile status of cxf_28: 1 ... 33. sec
Testing status of cxf_28: (True, True, ) ... 10. sec
Compile status of cxf_43: 1 ... 16. sec
Testing status of cxf_43: (True, True, ) ... 5.9 sec
Compile status of cxf_24: 1 ... 4.4 sec
Testing status of cxf_24: (False, False, InTransformReader) ... 5.7 sec
Compile status of cxf_39: 1 ... 13. sec
Testing status of cxf_39: (True, True, ) ... 5.6 sec
Compile status of cxf_79: 1 ... 72. sec
Testing status of cxf_79: (True, True, ) ... 7.3 sec
Compile status of cxf_65: 1 ... 51. sec
Testing status of cxf_65: (True, True, ) ... 13. sec
Compile status of cxf_9: 1 ... 89. sec
Testing status of cxf_9: (True, True, ) ... 6.3 sec
Compile status of cxf_69: 1 ... 23. sec
Testing status of cxf_69: (True, True, ) ... 10. sec
Compile status of cxf_5: 1 ... 257 sec
Testing status of cxf_5: (True, True, ) ... 6.2 sec
Compile status of cxf_40: 1 ... 11. sec
Testing status of cxf_40: (False, False, ClassLoaderUtils) ... 22. sec
Compile status of cxf_70: 1 ... 50. sec
Testing status of cxf_70: (True, True, ) ... 10. sec
Compile status of cxf_111: 1 ... 29. sec
Testing status of cxf_111: (True, True, ) ... 10. sec
Compile status of cxf_91: 1 ... 40. sec
Testing status of cxf_91: (True, True, ) ... 13. sec
Compile status of cxf_86: 1 ... 29. sec
Testing status of cxf_86: (True, True, ) ... 11. sec
Compile status of cxf_121: 1 ... 28. sec
Testing status of cxf_121: (True, True, ) ... 11. sec
Compile status of cxf_82: 1 ... 34. sec
Testing status of cxf_82: (True, True, ) ... 5.1 sec
Compile status of cxf_156: 1 ... 115 sec
Testing status of cxf_156: (True, True, ) ... 5.5 sec
Compile status of cxf_98: 1 ... 23. sec
Testing status of cxf_98: (True, True, ) ... 10. sec
Compile status of cxf_127: 1 ... 49. sec
Testing status of cxf_127: (False, False, PropertiesLoaderUtils) ... 45. sec
Compile status of cxf_83: 1 ... 23. sec
Testing status of cxf_83: (True, True, ) ... 7.2 sec
Compile status of cxf_147: 1 ... 17. sec
Testing status of cxf_147: (True, True, ) ... 8.9 sec
Compile status of cxf_118: 1 ... 27. sec
Testing status of cxf_118: (True, True, ) ... 9.2 sec
Compile status of cxf_113: 1 ... 106 sec
Testing status of cxf_113: (True, True, ) ... 8.7 sec
Compile status of cxf_153: 1 ... 71. sec
Testing status of cxf_153: (True, True, ) ... 7.1 sec
Compile status of cxf_143: 1 ... 118 sec
Testing status of cxf_143: (True, True, ) ... 7.7 sec
Compile status of cxf_119: 1 ... 46. sec
Testing status of cxf_119: (True, True, ) ... 12. sec
Compile status of cxf_128: 1 ... 24. sec
Testing status of cxf_128: (True, True, ) ... 12. sec
Compile status of cxf_139: 1 ... 57. sec
Testing status of cxf_139: (True, True, ) ... 4.6 sec
Compile status of cxf_148: 1 ... 86. sec
Testing status of cxf_148: (True, True, ) ... 6.3 sec
Compile status of cxf_95: 1 ... 23. sec
Testing status of cxf_95: (True, True, ) ... 6.4 sec
Compile status of cxf_90: 1 ... 16. sec
Testing status of cxf_90: (True, True, ) ... 4.7 sec
Compile status of cxf_154: 1 ... 52. sec
Testing status of cxf_154: (True, True, ) ... 5.7 sec
Compile status of cxf_125: 1 ... 23. sec
Testing status of cxf_125: (True, True, ) ... 4.9 sec
Compile status of cxf_120: 1 ... 33. sec
Testing status of cxf_120: (True, True, ) ... 4.0 sec
Compile status of cxf_110: 1 ... 12. sec
Testing status of cxf_110: (True, True, ) ... 4.9 sec
Compile status of cxf_129: 1 ... 18. sec
Testing status of cxf_129: (True, True, ) ... 4.9 sec
Compile status of cxf_181: 1 ... 32. sec
Testing status of cxf_181: (True, True, ) ... 4.6 sec
Compile status of cxf_149: 1 ... 58. sec
Testing status of cxf_149: (True, True, ) ... 9.2 sec
Compile status of cxf_160: 1 ... 28. sec
Testing status of cxf_160: (True, True, ) ... 4.7 sec
Compile status of cxf_211: 1 ... 13. sec
Testing status of cxf_211: (True, True, ) ... 4.6 sec
Compile status of cxf_177: 1 ... 48. sec
Testing status of cxf_177: (True, True, ) ... 4.2 sec
Compile status of cxf_187: 1 ... 2.0 sec
Testing status of cxf_187: (False, False, ContextUtils) ... 3.8 sec
Compile status of cxf_192: 1 ... 26. sec
Testing status of cxf_192: (True, True, ) ... 7.1 sec
Compile status of cxf_221: 1 ... 31. sec
Testing status of cxf_221: (False, False, PhaseInterceptorChain) ... 4.1 sec
Compile status of cxf_163: 1 ... 38. sec
Testing status of cxf_163: (True, True, ) ... 9.1 sec
Compile status of cxf_212: 1 ... 5.1 sec
Testing status of cxf_212: (True, True, ) ... 4.6 sec
Compile status of cxf_168: 1 ... 45. sec
Testing status of cxf_168: (True, True, ) ... 5.2 sec
Compile status of cxf_173: 1 ... 36. sec
Testing status of cxf_173: (True, True, ) ... 6.5 sec
Compile status of cxf_222: 1 ... 7.3 sec
Testing status of cxf_222: (True, True, ) ... 7.9 sec
Compile status of cxf_193: 1 ... 40. sec
Testing status of cxf_193: (True, True, ) ... 9.2 sec
Compile status of cxf_236: 1 ... 60. sec
Testing status of cxf_236: (True, True, ) ... 6.7 sec
Compile status of cxf_184: 1 ... 49. sec
Testing status of cxf_184: (True, True, ) ... 4.5 sec
Compile status of cxf_174: 1 ... 30. sec
Testing status of cxf_174: (True, True, ) ... 5.0 sec
Compile status of cxf_218: 1 ... 6.6 sec
Testing status of cxf_218: (True, True, ) ... 4.4 sec
Compile status of cxf_209: 1 ... 2.1 sec
Testing status of cxf_209: (True, True, ) ... 3.9 sec
Compile status of cxf_237: 1 ... 25. sec
Testing status of cxf_237: (True, True, ) ... 4.5 sec
Compile status of cxf_223: 1 ... 9.7 sec
Testing status of cxf_223: (True, True, ) ... 6.5 sec
Compile status of cxf_165: 1 ... 23. sec
Testing status of cxf_165: (True, True, ) ... 4.8 sec
Compile status of cxf_180: 1 ... 5.7 sec
Testing status of cxf_180: (True, True, ) ... 4.6 sec
Compile status of cxf_210: 1 ... 2.0 sec
Testing status of cxf_210: (True, True, ) ... 3.8 sec
Compile status of cxf_229: 1 ... 12. sec
Testing status of cxf_229: (True, True, ) ... 3.9 sec
Compile status of cxf_205: 1 ... 66. sec
Testing status of cxf_205: (True, True, ) ... 4.2 sec
Compile status of cxf_251: 1 ... 27. sec
Testing status of cxf_251: (True, True, ) ... 8.9 sec
Compile status of cxf_261: 1 ... 34. sec
Testing status of cxf_261: (True, True, ) ... 6.9 sec
Compile status of cxf_271: 1 ... 15. sec
Testing status of cxf_271: (True, True, ) ... 3.7 sec
Compile status of cxf_235: 1 ... 18. sec
Testing status of cxf_235: (True, True, ) ... 4.4 sec
Compile status of cxf_276: 1 ... 11. sec
Testing status of cxf_276: (True, True, ) ... 3.9 sec
Compile status of cxf_230: 1 ... 15. sec
Testing status of cxf_230: (True, True, ) ... 3.7 sec
Compile status of cxf_281: 1 ... 2.1 sec
Testing status of cxf_281: (True, True, ) ... 4.0 sec
Compile status of cxf_247: 1 ... 46. sec
Testing status of cxf_247: (True, True, ) ... 6.5 sec
Compile status of cxf_291: 1 ... 28. sec
Testing status of cxf_291: (True, True, ) ... 4.6 sec
Compile status of cxf_225: 1 ... 11. sec
Testing status of cxf_225: (True, True, ) ... 4.4 sec
Compile status of cxf_242: 1 ... 2.9 sec
Testing status of cxf_242: (False, False, JAXBEncoderDecoder) ... 7.8 sec
Compile status of cxf_262: 1 ... 40. sec
Testing status of cxf_262: (True, True, ) ... 6.7 sec
Compile status of cxf_301: 1 ... 22. sec
Testing status of cxf_301: (True, True, ) ... 7.6 sec
Compile status of cxf_287: 1 ... 29. sec
Testing status of cxf_287: (True, True, ) ... 4.0 sec
Compile status of cxf_277: 1 ... 2.1 sec
Testing status of cxf_277: (True, True, ) ... 4.3 sec
Compile status of cxf_240: 1 ... 1.7 sec
Testing status of cxf_240: (False, False, SoapBindingFactory) ... 3.4 sec
Compile status of cxf_282: 1 ... 7.8 sec
Testing status of cxf_282: (True, True, ) ... 4.6 sec
Compile status of cxf_292: 1 ... 13. sec
Testing status of cxf_292: (True, True, ) ... 3.8 sec
Compile status of cxf_243: 1 ... 1.7 sec
Testing status of cxf_243: (False, False, JAXBDataBinding) ... 3.6 sec
Compile status of cxf_273: 1 ... 3.8 sec
Testing status of cxf_273: (True, True, ) ... 8.0 sec
Compile status of cxf_297: 1 ... 1.7 sec
Testing status of cxf_297: (False, False, CustomizationParser) ... 5.1 sec
Compile status of cxf_288: 1 ... 20. sec
Testing status of cxf_288: (True, True, ) ... 4.4 sec
Compile status of cxf_302: 1 ... 15. sec
Testing status of cxf_302: (True, True, ) ... 4.0 sec
Compile status of cxf_283: 1 ... 13. sec
Testing status of cxf_283: (True, True, ) ... 7.5 sec
Compile status of cxf_254: 1 ... 25. sec
Testing status of cxf_254: (False, False, StaxUtils) ... 47. sec
Compile status of cxf_259: 1 ... 24. sec
Testing status of cxf_259: (True, True, ) ... 4.7 sec
Compile status of cxf_275: 1 ... 9.0 sec
Testing status of cxf_275: (True, True, ) ... 4.9 sec
Compile status of cxf_284: 1 ... 7.0 sec
Testing status of cxf_284: (True, True, ) ... 4.1 sec
Compile status of cxf_295: 1 ... 3.5 sec
Testing status of cxf_295: (False, False, JettyHTTPDestination) ... 4.8 sec
Compile status of cxf_280: 1 ... 4.6 sec
Testing status of cxf_280: (True, True, ) ... 8.0 sec
Compile status of cxf_250: 1 ... 94. sec
Testing status of cxf_250: (True, True, ) ... 8.2 sec
Compile status of cxf_255: 1 ... 42. sec
Testing status of cxf_255: (True, True, ) ... 8.7 sec
Compile status of cxf_285: 1 ... 22. sec
Testing status of cxf_285: (True, True, ) ... 5.1 sec
Compile status of cxf_265: 1 ... 51. sec
Testing status of cxf_265: (False, False, Message) ... 63. sec
Compile status of cxf_245: 1 ... 93. sec
Testing status of cxf_245: (True, True, ) ... 4.4 sec
Compile status of cxf_298: 1 ... 112 sec
Testing status of cxf_298: (False, False, ASMHelper) ... 134 sec
Compile status of cxf_300: 1 ... 23. sec
Testing status of cxf_300: (True, True, ) ... 4.3 sec
Compile status of activemq_41: 1 ... 32. sec
Testing status of activemq_41: (False, False, PartialCommand) ... 21. sec
Compile status of activemq_45: 1 ... 50. sec
Testing status of activemq_45: (False, False, ActiveMQMessage) ... 12. sec
Compile status of activemq_61: 1 ... 19. sec
Testing status of activemq_61: (False, False, VMIndexLinkedList) ... 18. sec
Compile status of activemq_68: 1 ... 6.3 sec
Testing status of activemq_68: (False, False, ServerSessionImpl) ... 24. sec
Compile status of activemq_70: 1 ... 8.1 sec
Testing status of activemq_70: (False, False, StompWireFormat) ... 12. sec
Compile status of activemq_100: 1 ... 6.7 sec
Testing status of activemq_100: (False, False, TopicSubscription) ... 5.0 sec
Compile status of activemq_102: 1 ... 3.2 sec
Testing status of activemq_102: (False, False, ActiveMQConnectionFactory) ... 5.6 sec
Compile status of activemq_87: 1 ... 126 sec
Testing status of activemq_87: (False, False, FailoverTransport) ... 13. sec
Compile status of activemq_84: 1 ... 112 sec
Testing status of activemq_84: (False, False, MessageId) ... 26. sec
Compile status of activemq_3: 1 ... 459 sec
Testing status of activemq_3: (False, False, DestinationMap) ... 93. sec
Compile status of activemq_89: 1 ... 118 sec
Testing status of activemq_89: (False, False, SequenceSet) ... 37. sec
Compile status of activemq_1: 1 ... 443 sec
Testing status of activemq_1: (False, False, DemandForwardingBridgeSupport) ... 72. sec
Compile status of activemq_88: 1 ... 29. sec
Testing status of activemq_88: (False, False, BrokerService) ... 4.9 sec
Compile status of activemq_94: 1 ... 156 sec
Testing status of activemq_94: (False, False, LDAPLoginModule) ... 49. sec
Compile status of activemq_52: 1 ... 251 sec
Testing status of activemq_52: (False, False, BrokerService) ... 168 sec
Compile status of activemq_77: 0 ... 325 sec
Testing status of activemq_77: (False, False, AmqpSender) ... 27. sec
Compile status of activemq_106: 1 ... 145 sec
Testing status of activemq_106: (False, False, FilePendingMessageCursor) ... 27. sec
Compile status of activemq_19: 0 ... 663 sec
Testing status of activemq_19: (True, True, ) ... 117 sec
Compile status of activemq_31: 0 ... 666 sec
Testing status of activemq_31: (True, True, ) ... 120 sec
Compile status of activemq_66: 1 ... 130 sec
Testing status of activemq_66: (False, False, ActiveMQConnectionFactory) ... 359 sec
Compile status of activemq_11: 0 ... 663 sec
Testing status of activemq_11: (True, True, ) ... 153 sec
Compile status of activemq_103: 0 ... 214 sec
Testing status of activemq_103: (True, True, ) ... 119 sec
Compile status of activemq_34: 0 ... 490 sec
Testing status of activemq_34: (True, True, ) ... 165 sec
Compile status of activemq_104: 1 ... 50. sec
Testing status of activemq_104: (False, False, TopicSubscription) ... 8.2 sec
Compile status of activemq_4: 1 ... 159 sec
Testing status of activemq_4: (False, False, JDBCPersistenceAdapter) ... 172 sec
Compile status of kafka_3: 1 ... 1.3 sec
Testing status of kafka_3: (False, False, RecordConverters) ... 2.7 sec
Compile status of kafka_27: 1 ... 1.2 sec
Testing status of kafka_27: (False, False, Fetcher) ... 2.6 sec
Compile status of kafka_31: 1 ... 1.1 sec
Testing status of kafka_31: (False, False, SinkNode) ... 2.6 sec
Compile status of kafka_17: 1 ... 1.3 sec
Testing status of kafka_17: (False, False, InMemorySessionStore) ... 2.5 sec
Compile status of kafka_29: 1 ... 1.2 sec
Testing status of kafka_29: (False, False, ConfigTransformer) ... 2.7 sec
Compile status of kafka_15: 1 ... 1.1 sec
Testing status of kafka_15: (False, False, WorkerConfigTransformer) ... 2.6 sec
Compile status of kafka_5: 1 ... 1.2 sec
Testing status of kafka_5: (False, False, StreamThread) ... 2.6 sec
Compile status of kafka_1: 1 ... 1.3 sec
Testing status of kafka_1: (False, False, Metadata) ... 2.6 sec
Compile status of kafka_23: 1 ... 1.2 sec
Testing status of kafka_23: (False, False, SaslExtensions) ... 2.6 sec
Compile status of kafka_25: 1 ... 1.2 sec
Testing status of kafka_25: (False, False, GlobalStateManagerImpl) ... 2.5 sec
Compile status of kafka_9: 1 ... 1.3 sec
Testing status of kafka_9: (False, False, InternalTopologyBuilder) ... 2.5 sec
Compile status of kafka_11: 1 ... 1.3 sec
Testing status of kafka_11: (False, False, Flatten) ... 2.7 sec
Compile status of kafka_13: 1 ... 1.2 sec
Testing status of kafka_13: (False, False, ConnectHeaders) ... 2.5 sec
Compile status of kafka_8: 1 ... 1.2 sec
Testing status of kafka_8: (False, False, TableProcessorNode) ... 2.7 sec
Compile status of kafka_4: 1 ... 1.3 sec
Testing status of kafka_4: (False, False, TaskManager) ... 2.8 sec
Compile status of kafka_16: 1 ... 1.3 sec
Testing status of kafka_16: (False, False, StickyAssignor) ... 2.6 sec
Compile status of kafka_28: 1 ... 1.2 sec
Testing status of kafka_28: (False, False, CachingKeyValueStore) ... 2.6 sec
Compile status of kafka_18: 1 ... 1.2 sec
Testing status of kafka_18: (False, False, MeteredSessionStore) ... 2.6 sec
Compile status of kafka_20: 1 ... 1.2 sec
Testing status of kafka_20: (False, False, InternalStreamsBuilder) ... 2.7 sec
Compile status of kafka_32: 1 ... 1.4 sec
Testing status of kafka_32: (False, False, NodeApiVersions) ... 2.7 sec
Compile status of kafka_10: 1 ... 1.2 sec
Testing status of kafka_10: (False, False, RecordHeaders) ... 2.5 sec
Compile status of kafka_26: 1 ... 1.2 sec
Testing status of kafka_26: (False, False, Sender) ... 2.6 sec
Compile status of kafka_24: 1 ... 1.2 sec
Testing status of kafka_24: (False, False, WorkerConfigTransformer) ... 2.6 sec
Compile status of kafka_33: 1 ... 1.3 sec
Testing status of kafka_33: (False, False, RocksDBWindowStore) ... 2.6 sec
Compile status of kafka_41: 1 ... 1.3 sec
Testing status of kafka_41: (False, False, Worker) ... 2.8 sec
Compile status of kafka_45: 1 ... 1.3 sec
Testing status of kafka_45: (False, False, NetworkClient) ... 2.7 sec
Compile status of kafka_43: 1 ... 1.3 sec
Testing status of kafka_43: (False, False, MemoryRecords) ... 2.6 sec
Compile status of kafka_37: 1 ... 1.3 sec
Testing status of kafka_37: (False, False, Errors) ... 2.5 sec
Compile status of kafka_39: 1 ... 1.2 sec
Testing status of kafka_39: (False, False, MinTimestampTracker) ... 2.5 sec
Compile status of kafka_35: 1 ... 1.2 sec
Testing status of kafka_35: (False, False, Metrics) ... 2.5 sec
Compile status of kafka_53: 1 ... 1.2 sec
Testing status of kafka_53: (False, False, StreamPartitionAssignor) ... 2.5 sec
Compile status of kafka_49: 1 ... 1.2 sec
Testing status of kafka_49: (False, False, Selector) ... 2.6 sec
Compile status of kafka_34: 1 ... 1.2 sec
Testing status of kafka_34: (False, False, KStreamImpl) ... 2.7 sec
Compile status of kafka_61: 1 ... 1.3 sec
Testing status of kafka_61: (False, False, ChangeLoggingKeyValueStore) ... 2.7 sec
Compile status of kafka_63: 1 ... 1.2 sec
Testing status of kafka_63: (False, False, RecordAccumulator) ... 2.6 sec
Compile status of kafka_42: 1 ... 1.4 sec
Testing status of kafka_42: (False, False, StreamsMetadataState) ... 2.6 sec
Compile status of kafka_44: 1 ... 1.2 sec
Testing status of kafka_44: (False, False, Sensor) ... 2.7 sec
Compile status of kafka_46: 1 ... 1.3 sec
Testing status of kafka_46: (False, False, MockConsumer) ... 2.6 sec
Compile status of kafka_48: 1 ... 1.2 sec
Testing status of kafka_48: (False, False, NamedCache) ... 2.7 sec
Compile status of kafka_64: 1 ... 1.3 sec
Testing status of kafka_64: (False, False, KStreamImpl) ... 2.6 sec
Compile status of kafka_50: 1 ... 1.2 sec
Testing status of kafka_50: (False, False, KafkaStreams) ... 2.4 sec
Compile status of kafka_52: 1 ... 1.3 sec
Testing status of kafka_52: (False, False, StreamPartitionAssignor) ... 2.6 sec
Compile status of kafka_56: 1 ... 1.2 sec
Testing status of kafka_56: (False, False, Metadata) ... 2.5 sec
Compile status of kafka_60: 1 ... 1.2 sec
Testing status of kafka_60: (False, False, StreamThread) ... 2.5 sec
Compile status of kafka_58: 1 ... 1.2 sec
Testing status of kafka_58: (False, False, AbstractCoordinator) ... 2.6 sec
Compile status of kafka_65: 1 ... 1.2 sec
Testing status of kafka_65: (False, False, KafkaConfigStorage) ... 2.5 sec
Compile status of kafka_73: 1 ... 1.2 sec
Testing status of kafka_73: (False, False, KafkaConsumer) ... 2.5 sec
Compile status of kafka_71: 1 ... 1.2 sec
Testing status of kafka_71: (False, False, ConnectorConfig) ... 2.6 sec
Compile status of kafka_69: 1 ... 1.2 sec
Testing status of kafka_69: (False, False, KafkaProducer) ... 2.7 sec
Compile status of kafka_68: 1 ... 1.1 sec
Testing status of kafka_68: (False, False, RangeAssignor) ... 2.4 sec
Compile status of kafka_66: 1 ... 1.3 sec
Testing status of kafka_66: (False, False, TopologyBuilder) ... 2.6 sec
Compile status of lucene-solr_66: 1 ... 1.2 sec
Testing status of lucene-solr_66: (False, False, CloudSolrClient) ... 2.6 sec
Compile status of lucene-solr_21: 1 ... 1.3 sec
Testing status of lucene-solr_21: (False, False, ZookeeperStatusHandler) ... 3.2 sec
Compile status of lucene-solr_1: 1 ... 1.2 sec
Testing status of lucene-solr_1: (False, False, TermsComponent) ... 2.8 sec
Compile status of lucene-solr_72: 1 ... 1.1 sec
Testing status of lucene-solr_72: (False, False, IndexSchema) ... 2.9 sec
Compile status of lucene-solr_12: 1 ... 1.3 sec
Testing status of lucene-solr_12: (False, False, RoutedAliasUpdateProcessor) ... 2.7 sec
Compile status of lucene-solr_37: 1 ... 1.2 sec
Testing status of lucene-solr_37: (False, False, CloudSolrClient) ... 2.8 sec
Compile status of lucene-solr_73: 1 ... 1.3 sec
Testing status of lucene-solr_73: (False, False, CloudSolrClient) ... 2.7 sec
Compile status of lucene-solr_32: 1 ... 1.2 sec
Testing status of lucene-solr_32: (False, False, UpdateLog) ... 2.7 sec
Compile status of lucene-solr_2: 1 ... 1.1 sec
Testing status of lucene-solr_2: (False, False, HealthCheckHandler) ... 2.6 sec
Compile status of lucene-solr_28: 1 ... 1.3 sec
Testing status of lucene-solr_28: (False, False, TermVectorComponent) ... 2.6 sec
Compile status of lucene-solr_58: 1 ... 1.3 sec
Testing status of lucene-solr_58: (False, False, TermVectorComponent) ... 2.9 sec
Compile status of lucene-solr_48: 1 ... 1.3 sec
Testing status of lucene-solr_48: (False, False, SimpleNaiveBayesDocumentClassifier) ... 2.6 sec
Compile status of lucene-solr_9: 1 ... 1.2 sec
Testing status of lucene-solr_9: (False, False, SearchHandler) ... 2.8 sec
Compile status of lucene-solr_60: 1 ... 1.3 sec
Testing status of lucene-solr_60: (False, False, ZkStateWriter) ... 2.8 sec
Compile status of lucene-solr_35: 1 ... 1.3 sec
Testing status of lucene-solr_35: (False, False, PeerSync) ... 2.7 sec
Compile status of lucene-solr_10: 1 ... 1.2 sec
Testing status of lucene-solr_10: (False, False, DocExpirationUpdateProcessorFactory) ... 3.4 sec
Compile status of lucene-solr_106: 1 ... 1.2 sec
Testing status of lucene-solr_106: (False, False, SearchHandler) ... 2.7 sec
Compile status of lucene-solr_45: 1 ... 1.3 sec
Testing status of lucene-solr_45: (False, False, CloudSolrClient) ... 2.7 sec
Compile status of lucene-solr_101: 1 ... 1.4 sec
Testing status of lucene-solr_101: (False, False, DistributedQueue) ... 2.8 sec
Compile status of lucene-solr_131: 1 ... 1.3 sec
Testing status of lucene-solr_131: (False, False, AnalyzingSuggester) ... 2.8 sec
Compile status of lucene-solr_136: 1 ... 1.2 sec
Testing status of lucene-solr_136: (False, False, ClientUtils) ... 2.9 sec
Compile status of lucene-solr_122: 1 ... 1.2 sec
Testing status of lucene-solr_122: (False, False, LukeRequestHandler) ... 2.8 sec
Compile status of lucene-solr_88: 1 ... 2.0 sec
Testing status of lucene-solr_88: (False, False, MultiCollector) ... 2.8 sec
Compile status of lucene-solr_147: 1 ... 2.4 sec
Testing status of lucene-solr_147: (False, False, VersionInfo) ... 4.5 sec
Compile status of lucene-solr_108: 1 ... 1.4 sec
Testing status of lucene-solr_108: (False, False, CloudSolrServer) ... 3.2 sec
Compile status of lucene-solr_118: 1 ... 2.0 sec
Testing status of lucene-solr_118: (False, False, DebugComponent) ... 4.3 sec
Compile status of lucene-solr_128: 1 ... 2.1 sec
Testing status of lucene-solr_128: (False, False, SolrCore) ... 4.4 sec
Compile status of lucene-solr_143: 1 ... 2.4 sec
Testing status of lucene-solr_143: (False, False, TermsFilter) ... 4.5 sec
Compile status of lucene-solr_153: 1 ... 1.9 sec
Testing status of lucene-solr_153: (False, False, LukeRequestHandler) ... 4.5 sec
Compile status of lucene-solr_84: 1 ... 2.3 sec
Testing status of lucene-solr_84: (False, False, SimpleNaiveBayesClassifier) ... 4.8 sec
Compile status of lucene-solr_138: 1 ... 2.4 sec
Testing status of lucene-solr_138: (False, False, CoreAdminHandler) ... 4.6 sec
Compile status of lucene-solr_94: 1 ... 1.8 sec
Testing status of lucene-solr_94: (False, False, UserDictionary) ... 4.1 sec
Compile status of lucene-solr_114: 1 ... 2.0 sec
Testing status of lucene-solr_114: (False, False, FieldAnalysisRequestHandler) ... 4.3 sec
Compile status of lucene-solr_104: 1 ... 2.4 sec
Testing status of lucene-solr_104: (False, False, SystemInfoHandler) ... 5.0 sec
Compile status of lucene-solr_129: 1 ... 2.5 sec
Testing status of lucene-solr_129: (False, False, EnwikiContentSource) ... 4.7 sec
Compile status of lucene-solr_109: 1 ... 2.1 sec
Testing status of lucene-solr_109: (False, False, CloudSolrServer) ... 4.3 sec
Compile status of lucene-solr_90: 1 ... 2.2 sec
Testing status of lucene-solr_90: (False, False, DebugComponent) ... 4.8 sec
Compile status of lucene-solr_100: 1 ... 2.4 sec
Testing status of lucene-solr_100: (False, False, RequestHandlers) ... 4.8 sec
Compile status of lucene-solr_159: 1 ... 2.5 sec
Testing status of lucene-solr_159: (False, False, CoreAdminHandler) ... 3.7 sec
Compile status of lucene-solr_145: 1 ... 1.4 sec
Testing status of lucene-solr_145: (False, False, QueryResponse) ... 3.1 sec
Compile status of lucene-solr_140: 1 ... 1.6 sec
Testing status of lucene-solr_140: (False, False, SolrCore) ... 2.7 sec
Compile status of lucene-solr_216: 1 ... 2.5 sec
Testing status of lucene-solr_216: (False, False, CurrencyField) ... 5.2 sec
Compile status of lucene-solr_221: 1 ... 2.2 sec
Testing status of lucene-solr_221: (False, False, UIMAUpdateRequestProcessor) ... 4.4 sec
Compile status of lucene-solr_191: 1 ... 2.0 sec
Testing status of lucene-solr_191: (False, False, OverseerCollectionProcessor) ... 4.3 sec
Compile status of lucene-solr_206: 1 ... 1.9 sec
Testing status of lucene-solr_206: (False, False, OverseerCollectionProcessor) ... 4.1 sec
Compile status of lucene-solr_211: 1 ... 2.2 sec
Testing status of lucene-solr_211: (False, False, MemoryIndex) ... 4.2 sec
Compile status of lucene-solr_182: 1 ... 1.9 sec
Testing status of lucene-solr_182: (False, False, GeoPath) ... 3.7 sec
Compile status of lucene-solr_172: 1 ... 2.6 sec
Testing status of lucene-solr_172: (False, False, ComputePlanAction) ... 6.5 sec
Compile status of lucene-solr_163: 1 ... 2.2 sec
Testing status of lucene-solr_163: (False, False, FieldAnalysisRequestHandler) ... 4.3 sec
Compile status of lucene-solr_192: 1 ... 2.1 sec
Testing status of lucene-solr_192: (False, False, DebugComponent) ... 4.7 sec
Compile status of lucene-solr_183: 1 ... 2.0 sec
Testing status of lucene-solr_183: (False, False, AnalyzingInfixSuggester) ... 4.8 sec
Compile status of lucene-solr_164: 1 ... 2.5 sec
Testing status of lucene-solr_164: (False, False, QueryResponse) ... 4.2 sec
Compile status of lucene-solr_232: 1 ... 2.5 sec
Testing status of lucene-solr_232: (False, False, QueryParsing) ... 4.0 sec
Compile status of lucene-solr_169: 1 ... 2.0 sec
Testing status of lucene-solr_169: (False, False, SpellingQueryConverter) ... 4.1 sec
Compile status of lucene-solr_193: 1 ... 1.2 sec
Testing status of lucene-solr_193: (False, False, SpellCheckComponent) ... 2.6 sec
Compile status of lucene-solr_204: 1 ... 2.0 sec
Testing status of lucene-solr_204: (False, False, SimpleFacets) ... 4.7 sec
Compile status of lucene-solr_199: 1 ... 2.2 sec
Testing status of lucene-solr_199: (False, False, ConnectionManager) ... 5.1 sec
Compile status of lucene-solr_190: 1 ... 2.0 sec
Testing status of lucene-solr_190: (False, False, OverseerCollectionProcessor) ... 4.4 sec
Compile status of lucene-solr_229: 1 ... 1.7 sec
Testing status of lucene-solr_229: (False, False, BooleanFilter) ... 4.5 sec
Compile status of lucene-solr_200: 1 ... 2.0 sec
Testing status of lucene-solr_200: (False, False, Overseer) ... 4.2 sec
Compile status of lucene-solr_215: 1 ... 2.4 sec
Testing status of lucene-solr_215: (False, False, WikipediaTokenizer) ... 5.0 sec
Compile status of lucene-solr_210: 1 ... 2.2 sec
Testing status of lucene-solr_210: (False, False, FuzzyLikeThisQuery) ... 5.0 sec
Compile status of lucene-solr_230: 1 ... 1.8 sec
Testing status of lucene-solr_230: (False, False, SolrCore) ... 3.9 sec
Compile status of lucene-solr_266: 1 ... 2.4 sec
Testing status of lucene-solr_266: (False, False, DocExpirationUpdateProcessorFactory) ... 4.0 sec
Compile status of lucene-solr_251: 1 ... 1.9 sec
Testing status of lucene-solr_251: (False, False, SolrCore) ... 3.2 sec
Compile status of lucene-solr_262: 1 ... 2.0 sec
Testing status of lucene-solr_262: (False, False, CloudMLTQParser) ... 4.1 sec
Compile status of lucene-solr_267: 1 ... 1.9 sec
Testing status of lucene-solr_267: (False, False, OverseerCollectionProcessor) ... 3.7 sec
Compile status of lucene-solr_248: 1 ... 1.5 sec
Testing status of lucene-solr_248: (False, False, SolrCore) ... 3.1 sec
Compile status of lucene-solr_253: 1 ... 1.8 sec
Testing status of lucene-solr_253: (False, False, SolrQuery) ... 3.7 sec
Compile status of lucene-solr_263: 1 ... 2.5 sec
Testing status of lucene-solr_263: (False, False, CloudMLTQParser) ... 5.6 sec
Compile status of lucene-solr_279: 1 ... 2.2 sec
Testing status of lucene-solr_279: (False, False, DeleteShard) ... 19. sec
Compile status of lucene-solr_274: 1 ... 2.2 sec
Testing status of lucene-solr_274: (False, False, IndexInfoRequestHandler) ... 3.9 sec
Compile status of lucene-solr_280: 1 ... 1.7 sec
Testing status of lucene-solr_280: (False, False, HTMLStripCharFilter) ... 5.5 sec
Compile status of lucene-solr_265: 1 ... 1.5 sec
Testing status of lucene-solr_265: (False, False, DebugComponent) ... 3.8 sec
Compile status of lucene-solr_275: 1 ... 1.2 sec
Testing status of lucene-solr_275: (False, False, AddSchemaFieldsUpdateProcessorFactory) ... 2.7 sec
Compile status of skywalking_12: 1 ... 71. sec
Testing status of skywalking_12: (False, False, PxxIndicator) ... 47. sec
Compile status of skywalking_16: 1 ... 25. sec
Testing status of skywalking_16: (False, False, CreateAopProxyInterceptor) ... 88. sec
Compile status of skywalking_20: 1 ... 7.6 sec
Testing status of skywalking_20: (False, False, AopExpressionMatchInterceptor) ... 59. sec
Compile status of skywalking_2: 1 ... 8.7 sec
Testing status of skywalking_2: (False, False, RabbitMQConsumerInterceptor) ... 69. sec
Compile status of skywalking_15: 1 ... 97. sec
Testing status of skywalking_15: (False, False, SolrClientInterceptor) ... 100 sec
Compile status of skywalking_17: 1 ... 6.6 sec
Testing status of skywalking_17: (False, False, CreateAopProxyInterceptor) ... 15. sec
Compile status of skywalking_19: 1 ... 6.1 sec
Testing status of skywalking_19: (False, False, AopExpressionMatchInterceptor) ... 11. sec
Compile status of skywalking_18: 1 ... 8.4 sec
Testing status of skywalking_18: (False, False, RealCallInterceptor) ... 16. sec
Compile status of skywalking_25: 1 ... 8.4 sec
Testing status of skywalking_25: (False, False, ControllerInstrumentation) ... 17. sec
Compile status of skywalking_28: 1 ... 7.4 sec
Testing status of skywalking_28: (False, False, HttpClientExecuteInterceptor) ... 15. sec
Compile status of skywalking_29: 1 ... 4.7 sec
Testing status of skywalking_29: (False, False, HttpClientExecuteInterceptor) ... 7.0 sec
Compile status of incubator-hivemall_5: 1 ... 70. sec
Testing status of incubator-hivemall_5: (False, False, UDAFToOrderedList) ... 4.4 sec
Compile status of incubator-hivemall_2: 1 ... 1.8 sec
Testing status of incubator-hivemall_2: (False, False, FromJsonUDF) ... 173 sec
Compile status of groovy_35: 1 ... 3.5 sec
Testing status of groovy_35: (False, False, CompilationUnit) ... 6.6 sec
Compile status of groovy_6: 1 ... 3.8 sec
Testing status of groovy_6: (False, False, MissingPropertyException) ... 10. sec
Compile status of groovy_89: 0 ... 137 sec
Testing status of groovy_89: (False, False, Groovy) ... 4.1 sec
Compile status of groovy_80: 0 ... 122 sec
Testing status of groovy_80: (False, False, GroovyRootDocBuilder) ... 2.6 sec
Compile status of groovy_106: 1 ... 2.4 sec
Testing status of groovy_106: (False, False, ClassNode) ... 4.3 sec
Compile status of groovy_115: 1 ... 2.1 sec
Testing status of groovy_115: (False, False, ASTBuilder) ... 3.6 sec
Compile status of groovy_81: 1 ... 2.6 sec
Testing status of groovy_81: (False, False, DefaultGroovyMethods) ... 4.4 sec
Compile status of groovy_121: 0 ... 32. sec
Testing status of groovy_121: (False, False, Groovyc) ... 2.6 sec
Compile status of groovy_103: 0 ... 189 sec
Testing status of groovy_103: (False, False, MetaClassHelper) ... 2.6 sec
Compile status of groovy_107: 1 ... 1.2 sec
Testing status of groovy_107: (False, False, ClassNode) ... 2.8 sec
Compile status of groovy_110: 1 ... 1.3 sec
Testing status of groovy_110: (False, False, GroovyClassLoader) ... 2.6 sec
Compile status of groovy_136: 1 ... 2.3 sec
Testing status of groovy_136: (False, False, CompilationUnit) ... 4.4 sec
Compile status of groovy_139: 1 ... 2.4 sec
Testing status of groovy_139: (False, False, GroovyServlet) ... 4.4 sec
Compile status of groovy_124: 0 ... 82. sec
Testing status of groovy_124: (False, False, GroovyClassLoader) ... 3.9 sec
Compile status of groovy_114: 1 ... 2.5 sec
Testing status of groovy_114: (False, False, Invoker) ... 4.1 sec
Compile status of groovy_108: 1 ... 2.1 sec
Testing status of groovy_108: (False, False, ClassNode) ... 4.3 sec
Compile status of groovy_143: 1 ... 2.2 sec
Testing status of groovy_143: (False, False, GroovyClassLoader) ... 4.6 sec
Compile status of groovy_125: 0 ... 23. sec
Testing status of groovy_125: (False, False, InvokerHelper) ... 2.7 sec
Compile status of groovy_154: 1 ... 2.0 sec
Testing status of groovy_154: (False, False, DefaultGroovyMethods) ... 3.5 sec
Compile status of groovy_123: 1 ... 132 sec
Testing status of groovy_123: (False, False, MetaClassHelper) ... 4.0 sec
Compile status of groovy_155: 1 ... 1.8 sec
Testing status of groovy_155: (False, False, GroovyClassLoader) ... 3.6 sec
Compile status of groovy_126: 0 ... 45. sec
Testing status of groovy_126: (False, False, DefaultGroovyMethods) ... 2.8 sec
Compile status of groovy_146: 0 ... 38. sec
Testing status of groovy_146: (False, False, InvokerHelper) ... 2.8 sec
Compile status of beam_1: 1 ... 3.0 sec
Testing status of beam_1: (False, False, PubsubJsonClient) ... 5.2 sec
Compile status of beam_8: 1 ... 2.8 sec
Testing status of beam_8: (False, False, DoFnOperator) ... 6.3 sec
Compile status of beam_5: 1 ... 3.7 sec
Testing status of beam_5: (False, False, BeamEnumerableConverter) ... 7.5 sec
Compile status of beam_16: 1 ... 2.4 sec
Testing status of beam_16: (False, False, ReduceWindow) ... 6.4 sec
Compile status of beam_15: 1 ... 2.3 sec
Testing status of beam_15: (False, False, StreamingDataflowWorker) ... 4.7 sec
Compile status of beam_6: 1 ... 2.4 sec
Testing status of beam_6: (False, False, Row) ... 8.4 sec
Compile status of beam_4: 1 ... 2.4 sec
Testing status of beam_4: (False, False, DoFnOperator) ... 8.6 sec
Compile status of beam_13: 1 ... 2.5 sec
Testing status of beam_13: (False, False, RabbitMqIO) ... 16. sec
Compile status of beam_10: 1 ... 2.2 sec
Testing status of beam_10: (False, False, StreamingDataflowWorker) ... 4.2 sec
Compile status of beam_14: 1 ... 2.1 sec
Testing status of beam_14: (False, False, RabbitMqIO) ... 4.3 sec
Compile status of beam_9: 1 ... 2.3 sec
Testing status of beam_9: (False, False, BeamEnumerableConverter) ... 4.5 sec
Compile status of beam_7: 1 ... 2.4 sec
Testing status of beam_7: (False, False, Row) ... 4.6 sec
Compile status of beam_24: 1 ... 2.3 sec
Testing status of beam_24: (False, False, ListDataSink) ... 4.7 sec
Compile status of beam_41: 1 ... 54. sec
Testing status of beam_41: (False, False, SparkPipelineOptions) ... 15. sec
Compile status of beam_44: 1 ... 32. sec
Testing status of beam_44: (False, False, UnboundedSourceWrapper) ... 13. sec
Compile status of beam_32: 1 ... 210 sec
Testing status of beam_32: (False, False, SourceTestUtils) ... 61. sec
Compile status of beam_31: 1 ... 166 sec
Testing status of beam_31: (False, False, SourceTestUtils) ... 61. sec
Compile status of beam_46: 1 ... 2.8 sec
Testing status of beam_46: (False, False, WordCount) ... 6.1 sec
Compile status of beam_43: 0 ... 326 sec
Testing status of beam_43: (True, False, LateDataDroppingDoFnRunner) ... 98. sec
Compile status of beam_47: 1 ... 145 sec
Testing status of beam_47: (False, False, WordCount) ... 159 sec
Compile status of beam_49: 1 ... 281 sec
Testing status of beam_49: (False, False, DebuggingWordCount) ... 22. sec
Compile status of beam_18: 1 ... 733 sec
Testing status of beam_18: (False, False, UnboundedReadEvaluatorFactory) ... 23. sec
Compile status of beam_20: 1 ... 748 sec
Testing status of beam_20: (False, False, UnboundedReadEvaluatorFactory) ... 23. sec
Compile status of beam_19: 1 ... 764 sec
Testing status of beam_19: (False, False, UnboundedReadEvaluatorFactory) ... 20. sec
Compile status of beam_33: 1 ... 728 sec
Testing status of beam_33: (True, False, UnboundedReadFromBoundedSource) ... 30. sec
Compile status of beam_36: 1 ... 694 sec
Testing status of beam_36: (True, True, ) ... 9.6 sec
Compile status of beam_35: 1 ... 524 sec
Testing status of beam_35: (False, False, MqttIO) ... 681 sec
Compile status of beam_39: 1 ... 625 sec
Testing status of beam_39: (False, False, KafkaIO) ... 713 sec
Compile status of beam_48: 0 ... 150 sec
Testing status of beam_48: (True, True, ) ... 44. sec
Compile status of beam_34: 0 ... 168 sec
Testing status of beam_34: (True, False, DataflowMetrics) ... 149 sec
Compile status of beam_29: 0 ... 165 sec
Testing status of beam_29: (False, False, HadoopFileSystem) ... 496 sec
Compile status of beam_30: 0 ... 167 sec
Testing status of beam_30: (False, False, HadoopFileSystem) ... 509 sec
Compile status of beam_23: 0 ... 216 sec
Testing status of beam_23: (True, False, CoderTypeSerializer) ... 180 sec
Compile status of ignite_8: 1 ... 655 sec
Testing status of ignite_8: (False, False, PageMemoryImpl) ... 5.5 sec
Compile status of ignite_32: 1 ... 106 sec
Testing status of ignite_32: (False, False, PageMemoryImpl) ... 6.3 sec
Compile status of ignite_76: 0 ... 157 sec
Testing status of ignite_76: (False, False, PageMemoryImpl) ... 13. sec
Compile status of ignite_113: 0 ... 251 sec
Testing status of ignite_113: (False, False, InlineIndexHelper) ... 13. sec
Compile status of ignite_96: 0 ... 147 sec
Testing status of ignite_96: (False, False, InlineIndexHelper) ... 13. sec
Compile status of ignite_40: 0 ... 393 sec
Testing status of ignite_40: (False, False, CacheBasedDataset) ... 10. sec
Compile status of ignite_163: 1 ... 531 sec
Testing status of ignite_163: (False, False, CacheJdbcPojoStore) ... 3.5 sec
Compile status of ignite_164: 1 ... 5.8 sec
Testing status of ignite_164: (False, False, CacheJdbcPojoStore) ... 3.2 sec
Compile status of pulsar_40: 1 ... 19. sec
Testing status of pulsar_40: (False, False, DefaultSerDe) ... 17. sec
Compile status of pulsar_42: 1 ... 14. sec
Testing status of pulsar_42: (False, False, JavaInstanceRunnable) ... 8.5 sec
Compile status of pulsar_44: 1 ... 4.0 sec
Testing status of pulsar_44: (False, False, MembershipManager) ... 8.7 sec
Compile status of pulsar_26: 1 ... 347 sec
Testing status of pulsar_26: (False, False, NamespaceService) ... 33. sec
Compile status of pulsar_49: 1 ... 25. sec
Testing status of pulsar_49: (False, False, NamespaceService) ... 52. sec
Compile status of pulsar_50: 1 ... 85. sec
Testing status of pulsar_50: (False, False, Namespaces) ... 64. sec
Compile status of pulsar_51: 1 ... 28. sec
Testing status of pulsar_51: (False, False, ModularLoadManagerImpl) ... 30. sec
Compile status of pulsar_53: 1 ... 14. sec
Testing status of pulsar_53: (False, False, ConsumerConfiguration) ... 27. sec
Compile status of pulsar_41: 0 ... 684 sec
Testing status of pulsar_41: (False, False, CmdFunctions) ... 33. sec
Compile status of pulsar_31: 0 ... 861 sec
Testing status of pulsar_31: (False, False, ServerCnx) ... 39. sec
Compile status of pulsar_47: 0 ... 531 sec
Testing status of pulsar_47: (False, False, CmdFunctions) ... 46. sec
Compile status of pulsar_45: 0 ... 622 sec
Testing status of pulsar_45: (False, False, CmdFunctions) ... 21. sec
Compile status of pulsar_34: 1 ... 961 sec
Testing status of pulsar_34: (False, False, ContextImpl) ... 54. sec
Compile status of pulsar_60: 1 ... 15. sec
Testing status of pulsar_60: (False, False, ServerCnx) ... 26. sec
Compile status of pulsar_57: 0 ... 251 sec
Testing status of pulsar_57: (True, True, ) ... 96. sec
Compile status of pulsar_6: 1 ... 169 sec
Testing status of pulsar_6: (False, False, MessageImpl) ... 56. sec
Compile status of pulsar_14: 1 ... 167 sec
Testing status of pulsar_14: (False, False, JavaInstanceRunnable) ... 66. sec
Compile status of pulsar_27: 1 ... 153 sec
Testing status of pulsar_27: (False, False, ManagedLedger) ... 125 sec
Compile status of pulsar_17: 1 ... 154 sec
Testing status of pulsar_17: (False, False, PulsarSource) ... 135 sec
Compile status of pulsar_1: 1 ... 191 sec
Testing status of pulsar_1: (False, False, ClientCnx) ... 44. sec
Compile status of pulsar_36: 1 ... 146 sec
Testing status of pulsar_36: (False, False, PulsarSpout) ... 56. sec
Compile status of pulsar_2: 1 ... 186 sec
Testing status of pulsar_2: (False, False, BrokerService) ... 65. sec
Compile status of pulsar_3: 1 ... 184 sec
Testing status of pulsar_3: (False, False, LoadManagerShared) ... 69. sec
Compile status of pulsar_59: 0 ... 616 sec
Testing status of pulsar_59: (True, True, ) ... 41. sec
Compile status of pulsar_29: 0 ... 164 sec
Testing status of pulsar_29: (False, False, SchedulerManager) ... 47. sec
Compile status of pulsar_32: 0 ... 195 sec
Testing status of pulsar_32: (False, False, PulsarSourceBuilder) ... 13. sec
Compile status of dubbo_20: 1 ... 22. sec
Testing status of dubbo_20: (False, False, Router) ... 4.1 sec
Compile status of dubbo_8: 1 ... 42. sec
Testing status of dubbo_8: (False, False, TagRouter) ... 16. sec
Compile status of dubbo_7: 1 ... 44. sec
Testing status of dubbo_7: (False, False, StaticDirectory) ... 19. sec
Compile status of dubbo_5: 1 ... 32. sec
Testing status of dubbo_5: (False, False, ReferenceAnnotationBeanPostProcessor) ... 41. sec
Compile status of dubbo_10: 1 ... 29. sec
Testing status of dubbo_10: (False, False, RegistryDirectory) ... 39. sec
Compile status of dubbo_11: 1 ... 34. sec
Testing status of dubbo_11: (False, False, ReferenceAnnotationBeanPostProcessor) ... 29. sec
Compile status of dubbo_16: 1 ... 28. sec
Testing status of dubbo_16: (False, False, AbstractConfig) ... 51. sec
Compile status of dubbo_6: 1 ... 41. sec
Testing status of dubbo_6: (False, False, AbstractConfig) ... 52. sec
Compile status of dubbo_17: 1 ... 26. sec
Testing status of dubbo_17: (False, False, UrlUtils) ... 273 sec
Compile status of dubbo_4: 1 ... 35. sec
Testing status of dubbo_4: (False, False, Version) ... 332 sec
Compile status of dubbo_22: 1 ... 131 sec
Testing status of dubbo_22: (False, False, RegistryDirectory) ... 258 sec
Compile status of dubbo_23: 1 ... 128 sec
Testing status of dubbo_23: (False, False, AccessLogFilter) ... 257 sec
Compile status of dubbo_25: 1 ... 129 sec
Testing status of dubbo_25: (False, False, URL) ... 258 sec
Compile status of dubbo_26: 1 ... 129 sec
Testing status of dubbo_26: (False, False, FutureFilter) ... 257 sec
Compile status of dubbo_2: 0 ... 409 sec
Testing status of dubbo_2: (True, False, PojoUtils) ... 177 sec
Compile status of dubbo_14: 0 ... 632 sec
Testing status of dubbo_14: (True, False, CacheFilter) ... 45. sec
Compile status of netbeans_12: 1 ... 1.1 sec
Testing status of netbeans_12: (False, False, LocalAddressUtils) ... 5.1 sec
Compile status of netbeans_9: 1 ... 1.4 sec
Testing status of netbeans_9: (False, False, JavaCompilerProcessorFactory) ... 3.4 sec
Compile status of netbeans_3: 1 ... 1.3 sec
Testing status of netbeans_3: (False, False, ImportAnalysis2) ... 3.1 sec
Compile status of netbeans_11: 1 ... 1.4 sec
Testing status of netbeans_11: (False, False, ProxyAutoConfig) ... 5.7 sec
Compile status of netbeans_8: 1 ... 1.4 sec
Testing status of netbeans_8: (False, False, Bundle) ... 5.0 sec
Compile status of netbeans_2: 1 ... 1.2 sec
Testing status of netbeans_2: (False, False, ProxyAutoConfig) ... 8.3 sec
Compile status of netbeans_10: 1 ... 1.2 sec
Testing status of netbeans_10: (False, False, JavaCompilerProcessorFactory) ... 3.6 sec
Compile status of netbeans_18: 1 ... 1.2 sec
Testing status of netbeans_18: (False, False, LocalAddressUtils) ... 3.5 sec
Compile status of netbeans_20: 1 ... 1.1 sec
Testing status of netbeans_20: (False, False, GradleCommandLine) ... 13. sec
Compile status of netbeans_23: 1 ... 1.4 sec
Testing status of netbeans_23: (False, False, Bundle) ... 5.8 sec
Compile status of netbeans_22: 1 ... 1.3 sec
Testing status of netbeans_22: (False, False, ImageUtilities) ... 8.1 sec
Compile status of netbeans_30: 1 ... 1.1 sec
Testing status of netbeans_30: (False, False, PostFlowAnalysis) ... 3.4 sec
Compile status of netbeans_33: 1 ... 1.1 sec
Testing status of netbeans_33: (False, False, CordovaPerformer) ... 5.8 sec
Compile status of netbeans_28: 1 ... 1.2 sec
Testing status of netbeans_28: (False, False, MimeLookupLanguageProvider) ... 4.4 sec
Compile status of netbeans_26: 1 ... 1.2 sec
Testing status of netbeans_26: (False, False, MimeLookupLanguageProvider) ... 3.5 sec
Compile status of struts_30: 1 ... 12. sec
Testing status of struts_30: (False, False, SubsetIteratorTag) ... 13. sec
Compile status of struts_8: 1 ... 90. sec
Testing status of struts_8: (False, False, LocalizedTextUtil) ... 36. sec
Compile status of struts_22: 1 ... 55. sec
Testing status of struts_22: (False, False, IteratorComponent) ... 33. sec
Compile status of struts_18: 1 ... 66. sec
Testing status of struts_18: (False, False, DefaultUrlHelper) ... 37. sec
Compile status of struts_23: 1 ... 69. sec
Testing status of struts_23: (False, False, UrlHelper) ... 19. sec
Compile status of struts_21: 1 ... 56. sec
Testing status of struts_21: (False, False, XWorkConverter) ... 72. sec
Compile status of struts_19: 1 ... 69. sec
Testing status of struts_19: (False, False, TextParseUtil) ... 69. sec
Compile status of struts_32: 1 ... 40. sec
Testing status of struts_32: (False, False, PropertiesConfigurationProvider) ... 43. sec
Compile status of struts_17: 1 ... 55. sec
Testing status of struts_17: (False, False, ParametersInterceptor) ... 85. sec
Compile status of struts_26: 1 ... 76. sec
Testing status of struts_26: (False, False, ServletRedirectResult) ... 40. sec
Compile status of struts_25: 1 ... 84. sec
Testing status of struts_25: (False, False, TokenHelper) ... 39. sec
Compile status of struts_34: 1 ... 46. sec
Testing status of struts_34: (False, False, LegacyPropertiesConfigurationProvider) ... 37. sec
Compile status of struts_41: 1 ... 12. sec
Testing status of struts_41: (False, False, ContainUtil) ... 12. sec
Compile status of struts_35: 1 ... 47. sec
Testing status of struts_35: (False, False, CompositeActionMapper) ... 27. sec
Compile status of struts_42: 1 ... 6.3 sec
Testing status of struts_42: (False, False, PortletUrlRenderer) ... 8.7 sec
Compile status of struts_43: 1 ... 6.7 sec
Testing status of struts_43: (False, False, TokenSessionStoreInterceptor) ... 12. sec
Compile status of struts_38: 1 ... 50. sec
Testing status of struts_38: (False, False, DefaultActionValidatorManager) ... 24. sec
Compile status of struts_39: 1 ... 72. sec
Testing status of struts_39: (False, False, StrutsTestCase) ... 28. sec
Compile status of struts_50: 1 ... 2.7 sec
Testing status of struts_50: (False, False, ServletRedirectResult) ... 4.1 sec
Compile status of struts_54: 1 ... 10. sec
Testing status of struts_54: (False, False, ChartResult) ... 3.1 sec
Compile status of struts_55: 1 ... 6.1 sec
Testing status of struts_55: (False, False, ExecuteAndWaitInterceptor) ... 3.0 sec
Compile status of struts_45: 1 ... 45. sec
Testing status of struts_45: (False, False, Dispatcher) ... 10. sec
Compile status of struts_49: 1 ... 13. sec
Testing status of struts_49: (False, False, OptGroup) ... 3.6 sec
Compile status of struts_53: 1 ... 27. sec
Testing status of struts_53: (False, False, Autocompleter) ... 2.8 sec
Compile status of struts_36: 1 ... 40. sec
Testing status of struts_36: (False, False, JSONWriter) ... 134 sec
Compile status of struts_1: 0 ... 426 sec
Testing status of struts_1: (False, False, JasperReportsResult) ... 8.9 sec
Compile status of struts_7: 1 ... 435 sec
Testing status of struts_7: (True, False, ComponentUtils) ... 41. sec
Compile status of struts_3: 0 ... 114 sec
Testing status of struts_3: (True, True, ) ... 62. sec
Compile status of struts_48: 1 ... 385 sec
Testing status of struts_48: (False, False, FileUploadInterceptor) ... 768 sec
Compile status of incubator-iotdb_1: 1 ... 189 sec
Testing status of incubator-iotdb_1: (False, False, MergeTask) ... 8.7 sec
Compile status of incubator-iotdb_2: 1 ... 189 sec
Testing status of incubator-iotdb_2: (False, False, StorageGroupProcessor) ... 8.7 sec
Compile status of incubator-iotdb_4: 0 ... 220 sec
Testing status of incubator-iotdb_4: (True, False, StorageGroupProcessor) ... 29. sec
Compile status of commons-math_4: 0 ... 6.7 sec
Testing status of commons-math_4: (False, False, MathException) ... 2.9 sec
Compile status of isis_28: 1 ... 464 sec
Testing status of isis_28: (False, False, Annotations) ... 82. sec
Compile status of isis_50: 1 ... 134 sec
Testing status of isis_50: (False, False, PageAbstract) ... 3.9 sec
Compile status of isis_54: 0 ... 137 sec
Testing status of isis_54: (True, False, ServicesInjectorDefault) ... 51. sec
Compile status of isis_49: 0 ... 168 sec
Testing status of isis_49: (True, True, ) ... 74. sec
Compile status of isis_47: 0 ... 186 sec
Testing status of isis_47: (True, True, ) ... 78. sec
Compile status of isis_9: 0 ... 958 sec
Testing status of isis_9: (True, False, ObjectSpecIdFacetDerivedFromClassNameFactory) ... 62. sec
Compile status of isis_8: 0 ... 100 sec
Testing status of isis_8: (True, True, ) ... 80. sec
Compile status of isis_2: 0 ... 109 sec
Testing status of isis_2: (True, False, PojoAdapter) ... 144 sec
Compile status of isis_53: 0 ... 395 sec
Testing status of isis_53: (True, False, ObjectActionImpl) ... 111 sec
Compile status of zookeeper_4: 1 ... 1.3 sec
Testing status of zookeeper_4: (False, False, ReferenceCountedACLCache) ... 2.6 sec
Compile status of zookeeper_13: 1 ... 1.1 sec
Testing status of zookeeper_13: (False, False, StaticHostProvider) ... 2.8 sec
Compile status of zookeeper_15: 1 ... 1.2 sec
Testing status of zookeeper_15: (False, False, NIOServerCnxn) ... 2.4 sec
Compile status of zookeeper_9: 1 ... 1.2 sec
Testing status of zookeeper_9: (False, False, QuorumPeerConfig) ... 2.8 sec
Compile status of zookeeper_14: 1 ... 1.3 sec
Testing status of zookeeper_14: (False, False, DataTree) ... 2.6 sec
Compile status of zookeeper_17: 1 ... 1.2 sec
Testing status of zookeeper_17: (False, False, DataTree) ... 2.6 sec
Compile status of zookeeper_24: 1 ... 1.4 sec
Testing status of zookeeper_24: (False, False, ZooKeeper) ... 2.4 sec
Compile status of zookeeper_2: 0 ... 315 sec
Testing status of zookeeper_2: (True, True, ) ... 33. sec
Compile status of zookeeper_3: 0 ... 335 sec
Testing status of zookeeper_3: (False, False, ZooKeeperServer) ... 19. sec
Compile status of zookeeper_1: 0 ... 350 sec
Testing status of zookeeper_1: (True, True, ) ... 30. sec
Compile status of calcite_28: 1 ... 31. sec
Testing status of calcite_28: (False, False, SqlToRelConverter) ... 2.7 sec
Compile status of calcite_24: 0 ... 358 sec
Testing status of calcite_24: (False, True, ) ... 36. sec
Compile status of calcite_15: 0 ... 720 sec
Testing status of calcite_15: (True, True, ) ... 62. sec
Compile status of calcite_12: 0 ... 709 sec
Testing status of calcite_12: (True, False, SqlToRelConverter) ... 59. sec
Compile status of calcite_6: 0 ... 127 sec
Testing status of calcite_6: (True, False, BlockBuilder) ... 60. sec
Compile status of calcite_5: 0 ... 161 sec
Testing status of calcite_5: (True, False, SqlToRelConverter) ... 113 sec
Compile status of calcite_2: 0 ... 218 sec
Testing status of calcite_2: (True, True, ) ... 113 sec
Compile status of syncope_1: 1 ... 31. sec
Testing status of syncope_1: (False, False, Realm) ... 6.7 sec
Compile status of incubator-druid_9: 1 ... 264 sec
Testing status of incubator-druid_9: (False, False, ScanQueryConfig) ... 32. sec
Compile status of incubator-druid_33: 1 ... 112 sec
Testing status of incubator-druid_33: (False, False, CoordinatorDynamicConfig) ... 44. sec
Compile status of incubator-druid_10: 1 ... 38. sec
Testing status of incubator-druid_10: (False, False, TaskLockbox) ... 60. sec
Compile status of incubator-druid_20: 0 ... 798 sec
Testing status of incubator-druid_20: (False, False, KafkaIndexTask) ... 64. sec
Compile status of incubator-druid_23: 0 ... 101 sec
Testing status of incubator-druid_23: (False, False, DimensionSchema) ... 36. sec
Compile status of incubator-druid_34: 0 ... 717 sec
Testing status of incubator-druid_34: (False, False, KafkaIndexTaskClient) ... 7.8 sec
Compile status of incubator-druid_25: 0 ... 878 sec
Testing status of incubator-druid_25: (True, True, ) ... 259 sec
Compile status of incubator-druid_17: 0 ... 111 sec
Testing status of incubator-druid_17: (False, False, RemoteTaskRunner) ... 53. sec
Compile status of incubator-druid_7: 0 ... 115 sec
Testing status of incubator-druid_7: (False, False, MaterializedViewSupervisor) ... 7.6 sec
Compile status of incubator-druid_13: 0 ... 121 sec
Testing status of incubator-druid_13: (False, False, MaterializedViewSupervisor) ... 20. sec
Compile status of incubator-druid_35: 0 ... 629 sec
Testing status of incubator-druid_35: (True, False, DetermineHashedPartitionsJob) ... 198 sec
Compile status of incubator-druid_15: 0 ... 116 sec
Testing status of incubator-druid_15: (False, False, CompactionTask) ... 58. sec
Compile status of incubator-druid_21: 0 ... 923 sec
Testing status of incubator-druid_21: (True, True, ) ... 310 sec
Compile status of incubator-druid_6: 0 ... 119 sec
Testing status of incubator-druid_6: (False, False, KafkaSupervisor) ... 12. sec
Compile status of incubator-druid_8: 1 ... 77. sec
Testing status of incubator-druid_8: (False, False, GroupByQueryQueryToolChest) ... 8.8 sec
Compile status of incubator-druid_32: 0 ... 808 sec
Testing status of incubator-druid_32: (True, False, BucketExtractionFn) ... 479 sec
Compile status of incubator-druid_24: 1 ... 321 sec
Testing status of incubator-druid_24: (False, False, KafkaEmitterConfig) ... 7.7 sec
Compile status of incubator-druid_22: 1 ... 69. sec
Testing status of incubator-druid_22: (False, False, ZkCoordinator) ... 20. sec
Compile status of incubator-druid_27: 0 ... 917 sec
Testing status of incubator-druid_27: (True, True, ) ... 479 sec
Compile status of incubator-druid_28: 1 ... 67. sec
Testing status of incubator-druid_28: (False, False, BrokerSegmentWatcherConfig) ... 13. sec
Compile status of incubator-druid_36: 0 ... 242 sec
Testing status of incubator-druid_36: (True, False, PooledTopNAlgorithm) ... 61. sec
Compile status of incubator-druid_16: 1 ... 102 sec
Testing status of incubator-druid_16: (False, False, Comparators) ... 192 sec
Compile status of incubator-druid_44: 0 ... 143 sec
Testing status of incubator-druid_44: (True, True, ) ... 78. sec
Compile status of incubator-druid_45: 0 ... 181 sec
Testing status of incubator-druid_45: (True, True, ) ... 75. sec
Compile status of incubator-druid_39: 0 ... 498 sec
Testing status of incubator-druid_39: (False, False, DetermineHashedPartitionsJob) ... 100 sec
Compile status of incubator-druid_37: 0 ... 429 sec
Testing status of incubator-druid_37: (True, False, SearchQueryRunner) ... 283 sec
Compile status of incubator-druid_26: 0 ... 506 sec
Testing status of incubator-druid_26: (False, False, KafkaSupervisor) ... 5.1 sec
Compile status of incubator-druid_1: 0 ... 171 sec
Testing status of incubator-druid_1: (False, False, JdbcDataFetcher) ... 37. sec
Compile status of incubator-druid_18: 0 ... 516 sec
Testing status of incubator-druid_18: (False, False, KafkaSupervisor) ... 3.9 sec
Compile status of incubator-druid_49: 0 ... 260 sec
Testing status of incubator-druid_49: (True, False, HyperUniquesAggregatorFactory) ... 26. sec
Compile status of incubator-druid_60: 1 ... 15. sec
Testing status of incubator-druid_60: (False, False, IncrementalIndex) ... 14. sec
Compile status of incubator-druid_57: 0 ... 130 sec
Testing status of incubator-druid_57: (True, False, RegexDimExtractionFn) ... 32. sec
Compile status of incubator-druid_53: 0 ... 224 sec
Testing status of incubator-druid_53: (True, False, TopNBinaryFn) ... 24. sec
Compile status of incubator-druid_52: 0 ... 258 sec
Testing status of incubator-druid_52: (True, True, ) ... 32. sec
Compile status of incubator-druid_11: 0 ... 115 sec
Testing status of incubator-druid_11: (True, True, ) ... 752 sec
Compile status of incubator-druid_41: 0 ... 329 sec
Testing status of incubator-druid_41: (True, False, PolyBind) ... 217 sec
Compile status of incubator-druid_61: 0 ... 134 sec
Testing status of incubator-druid_61: (False, True, ) ... 12. sec
Compile status of incubator-druid_2: 1 ... 53. sec
Testing status of incubator-druid_2: (False, False, SQLMetadataSegmentManager) ... 17. sec
Compile status of incubator-druid_38: 0 ... 92. sec
Testing status of incubator-druid_38: (True, False, RegexDimExtractionFn) ... 35. sec
Compile status of incubator-druid_46: 0 ... 158 sec
Testing status of incubator-druid_46: (True, True, ) ... 23. sec
Compile status of incubator-druid_69: 0 ... 114 sec
Testing status of incubator-druid_69: (True, True, ) ... 50. sec
Compile status of incubator-druid_66: 0 ... 54. sec
Testing status of incubator-druid_66: (True, True, ) ... 21. sec
Compile status of incubator-druid_42: 0 ... 67. sec
Testing status of incubator-druid_42: (True, False, SQLMetadataStorageActionHandler) ... 39. sec
Compile status of incubator-druid_75: 0 ... 66. sec
Testing status of incubator-druid_75: (True, False, PooledTopNAlgorithm) ... 26. sec
Compile status of incubator-druid_79: 0 ... 79. sec
Testing status of incubator-druid_79: (True, True, ) ... 34. sec
Compile status of incubator-druid_77: 0 ... 114 sec
Testing status of incubator-druid_77: (True, False, RealtimeIndexTask) ... 34. sec
Compile status of incubator-druid_74: 0 ... 62. sec
Testing status of incubator-druid_74: (True, True, ) ... 45. sec
Compile status of incubator-druid_14: 0 ... 590 sec
Testing status of incubator-druid_14: (True, True, ) ... 550 sec
Compile status of incubator-druid_89: 0 ... 67. sec
Testing status of incubator-druid_89: (True, False, SQLMetadataStorageActionHandler) ... 46. sec
Compile status of incubator-druid_87: 0 ... 131 sec
Testing status of incubator-druid_87: (True, True, ) ... 33. sec
Compile status of incubator-druid_84: 0 ... 60. sec
Testing status of incubator-druid_84: (True, True, ) ... 41. sec
Compile status of incubator-druid_76: 0 ... 79. sec
Testing status of incubator-druid_76: (True, False, TopNBinaryFn) ... 22. sec
Compile status of incubator-druid_62: 0 ... 284 sec
Testing status of incubator-druid_62: (True, True, ) ... 27. sec
Compile status of incubator-druid_64: 0 ... 479 sec
Testing status of incubator-druid_64: (True, True, ) ... 17. sec
Compile status of incubator-druid_78: 0 ... 64. sec
Testing status of incubator-druid_78: (True, True, ) ... 20. sec
Compile status of incubator-druid_3: 0 ... 153 sec
Testing status of incubator-druid_3: (True, True, ) ... 913 sec
Compile status of incubator-druid_80: 0 ... 111 sec
Testing status of incubator-druid_80: (False, False, S3DataSegmentMover) ... 3.2 sec
Compile status of incubator-druid_97: 0 ... 91. sec
Testing status of incubator-druid_97: (True, False, IngestSegmentFirehoseFactory) ... 16. sec
Compile status of incubator-druid_107: 0 ... 51. sec
Testing status of incubator-druid_107: (True, True, ) ... 26. sec
Compile status of incubator-druid_103: 0 ... 85. sec
Testing status of incubator-druid_103: (True, False, SegmentMetadataQueryQueryToolChest) ... 42. sec
Compile status of incubator-druid_81: 0 ... 531 sec
Testing status of incubator-druid_81: (True, True, ) ... 18. sec
Compile status of incubator-druid_105: 0 ... 60. sec
Testing status of incubator-druid_105: (False, True, ) ... 9.9 sec
Compile status of incubator-druid_90: 0 ... 100 sec
Testing status of incubator-druid_90: (True, False, RealtimeIndexTask) ... 36. sec
Compile status of incubator-druid_111: 0 ... 61. sec
Testing status of incubator-druid_111: (True, True, ) ... 17. sec
Compile status of incubator-druid_113: 0 ... 106 sec
Testing status of incubator-druid_113: (True, False, SearchQueryRunner) ... 24. sec
Compile status of incubator-druid_102: 0 ... 73. sec
Testing status of incubator-druid_102: (True, False, QueryResource) ... 23. sec
Compile status of incubator-druid_110: 0 ... 58. sec
Testing status of incubator-druid_110: (True, True, ) ... 14. sec
Compile status of incubator-druid_108: 0 ... 60. sec
Testing status of incubator-druid_108: (True, False, AggregatorUtil) ... 30. sec
Compile status of incubator-druid_116: 0 ... 89. sec
Testing status of incubator-druid_116: (True, True, ) ... 68. sec
Compile status of incubator-druid_118: 0 ... 95. sec
Testing status of incubator-druid_118: (False, False, FilteredAggregator) ... 19. sec
Compile status of incubator-druid_114: 0 ... 70. sec
Testing status of incubator-druid_114: (True, True, ) ... 35. sec
Compile status of incubator-druid_106: 0 ... 67. sec
Testing status of incubator-druid_106: (True, True, ) ... 34. sec
Compile status of incubator-druid_82: 0 ... 78. sec
Testing status of incubator-druid_82: (True, False, ChainedExecutionQueryRunner) ... 31. sec
Compile status of incubator-druid_104: 0 ... 92. sec
Testing status of incubator-druid_104: (True, True, ) ... 49. sec
Compile status of incubator-druid_121: 0 ... 165 sec
Testing status of incubator-druid_121: (True, False, CompressedFloatsIndexedSupplier) ... 14. sec
Compile status of incubator-druid_93: 0 ... 488 sec
Testing status of incubator-druid_93: (True, False, BrokerServerView) ... 256 sec
Compile status of incubator-druid_122: 1 ... 119 sec
Testing status of incubator-druid_122: (False, False, KafkaLookupExtractorFactory) ... 3.1 sec
Compile status of incubator-druid_94: 0 ... 292 sec
Testing status of incubator-druid_94: (False, False, HdfsDataSegmentFinder) ... 3.9 sec
Compile status of hbase_189: 1 ... 1.4 sec
Testing status of hbase_189: (False, False, HQuorumPeer) ... 2.8 sec
Compile status of hbase_169: 1 ... 814 sec
Testing status of hbase_169: (False, False, SoftValueSortedMap) ... 2.8 sec
Compile status of rocketmq_2: 0 ... 71. sec
Testing status of rocketmq_2: (True, False, AclUtils) ... 13. sec
Compile status of james-project_5: 1 ... 101 sec
Testing status of james-project_5: (False, False, AbstractDomainList) ... 36. sec
Compile status of james-project_2: 1 ... 861 sec
Testing status of james-project_2: (False, False, JamesSignatureHandler) ... 138 sec
Compile status of james-project_3: 0 ... 118 sec
Testing status of james-project_3: (False, False, MessageContentExtractor) ... 47. sec
Compile status of maven-surefire_3: 1 ... 8.8 sec
Testing status of maven-surefire_3: (False, False, DefaultReporterFactory) ... 13. sec
Compile status of maven-surefire_25: 1 ... 15. sec
Testing status of maven-surefire_25: (False, False, XMLReporter) ... 23. sec
Compile status of maven-surefire_13: 1 ... 70. sec
Testing status of maven-surefire_13: (False, False, ConcurrentReporterManager) ... 18. sec
Compile status of maven-surefire_11: 1 ... 69. sec
Testing status of maven-surefire_11: (False, False, ConcurrentRunListener) ... 31. sec
Compile status of maven-surefire_8: 1 ... 69. sec
Testing status of maven-surefire_8: (False, False, PojoStackTraceWriter) ... 35. sec
Compile status of maven-surefire_21: 1 ... 66. sec
Testing status of maven-surefire_21: (False, False, ConcurrentReportingRunListener) ... 35. sec
Compile status of maven-surefire_12: 1 ... 80. sec
Testing status of maven-surefire_12: (False, False, FileReporter) ... 40. sec
Compile status of maven-surefire_17: 1 ... 68. sec
Testing status of maven-surefire_17: (False, False, JUnit4TestChecker) ... 40. sec
Compile status of maven-surefire_20: 1 ... 63. sec
Testing status of maven-surefire_20: (False, False, Classpath) ... 44. sec
Compile status of maven-surefire_18: 1 ... 67. sec
Testing status of maven-surefire_18: (False, False, ForkingRunListener) ... 45. sec
Compile status of maven-surefire_26: 1 ... 59. sec
Testing status of maven-surefire_26: (False, False, JUnitCoreRunListener) ... 46. sec
Compile status of maven-surefire_19: 1 ... 66. sec
Testing status of maven-surefire_19: (False, False, ConcurrentReporterManager) ... 51. sec
Compile status of maven-surefire_4: 0 ... 246 sec
Testing status of maven-surefire_4: (True, False, JUnit4ProviderUtil) ... 17. sec
Compile status of maven-surefire_16: 1 ... 327 sec
Testing status of maven-surefire_16: (True, True, ) ... 11. sec
Compile status of poi_45: 1 ... 1.3 sec
Testing status of poi_45: (False, False, AbstractWordUtils) ... 2.6 sec
Compile status of poi_85: 1 ... 1.4 sec
Testing status of poi_85: (False, False, Sheet) ... 2.7 sec
Compile status of roller_14: 1 ... 1.3 sec
Testing status of roller_14: (False, False, ApplicationResources) ... 2.8 sec
Compile status of roller_13: 1 ... 1.3 sec
Testing status of roller_13: (False, False, Utilities) ... 2.9 sec
Compile status of roller_24: 1 ... 1.3 sec
Testing status of roller_24: (False, False, ApplicationResources) ... 2.8 sec
Compile status of roller_22: 1 ... 1.1 sec
Testing status of roller_22: (False, False, ApplicationResources) ... 2.9 sec
Compile status of calcite-avatica_12: 1 ... 9.2 sec
Testing status of calcite-avatica_12: (False, False, SqlToRelConverter) ... 4.5 sec
Compile status of calcite-avatica_8: 0 ... 90. sec
Testing status of calcite-avatica_8: (False, True, ) ... 36. sec
Compile status of calcite-avatica_1: 0 ... 149 sec
Testing status of calcite-avatica_1: (True, True, ) ... 51. sec
Compile status of shiro_2: 0 ... 13. sec
Testing status of shiro_2: (False, False, SimpleAuthenticationInfo) ... 2.6 sec
Compile status of shiro_9: 0 ... 10. sec
Testing status of shiro_9: (False, False, WebRememberMeManager) ... 2.5 sec
